<?xml version="1.0" encoding="UTF-8"?>
<robot generator="Robot 3.2rc1 (Python 3.8.1 on win32)" generated="20200427 23:23:56.319" rpa="false">
<suite id="s1" name="VALIDACOES DE USUARIO" source="C:\TCM\TCM_hz\tests\VALIDACOES_DE_USUARIO.robot">
<kw name="Start Session" library="base" type="setup">
<kw name="Open Browser" library="SeleniumLibrary">
<doc>Opens a new browser instance to the optional ``url``.</doc>
<arguments>
<arg>about:blank</arg>
<arg>chrome</arg>
</arguments>
<msg timestamp="20200427 23:23:56.617" level="INFO">Opening browser 'chrome' to base url 'about:blank'.</msg>
<status status="PASS" starttime="20200427 23:23:56.617" endtime="20200427 23:23:57.790"></status>
</kw>
<kw name="Set Selenium Implicit Wait" library="SeleniumLibrary">
<doc>Sets the implicit wait value used by Selenium.</doc>
<arguments>
<arg>30</arg>
</arguments>
<status status="PASS" starttime="20200427 23:23:57.790" endtime="20200427 23:23:57.791"></status>
</kw>
<kw name="Maximize Browser Window" library="SeleniumLibrary">
<doc>Maximizes current browser window.</doc>
<status status="PASS" starttime="20200427 23:23:57.791" endtime="20200427 23:23:57.904"></status>
</kw>
<status status="PASS" starttime="20200427 23:23:56.617" endtime="20200427 23:23:57.904"></status>
</kw>
<test id="s1-t1" name="Administrador loga com email e senha válido!">
<kw name="Tentar logar na RSTP Validações de Usuário">
<arguments>
<arg>rafael.ribeiro@ul.com</arg>
<arg>Safra@123</arg>
<arg>Rascunho</arg>
</arguments>
<kw name="Dado que acesso a página login da RSTP" library="setup_hz">
<kw name="Go To" library="SeleniumLibrary">
<doc>Navigates the current browser window to the provided ``url``.</doc>
<arguments>
<arg>${BASE_URL}</arg>
</arguments>
<msg timestamp="20200427 23:23:57.906" level="INFO">Opening url 'https://rede.selftestplatform.com/tcm/testplan.htm?testplanid=1259'</msg>
<status status="PASS" starttime="20200427 23:23:57.906" endtime="20200427 23:24:04.535"></status>
</kw>
<status status="PASS" starttime="20200427 23:23:57.906" endtime="20200427 23:24:04.535"></status>
</kw>
<kw name="Quando eu submeto minha credencial de login &quot;${email}&quot; e senha &quot;${password}&quot;" library="setup_hz">
<kw name="Input Text" library="SeleniumLibrary">
<doc>Types the given ``text`` into the text field identified by ``locator``.</doc>
<arguments>
<arg>${INPUT_EMAIL}</arg>
<arg>${email}</arg>
</arguments>
<msg timestamp="20200427 23:24:04.537" level="INFO">Typing text 'rafael.ribeiro@ul.com' into text field 'id:email'.</msg>
<status status="PASS" starttime="20200427 23:24:04.537" endtime="20200427 23:24:04.701"></status>
</kw>
<kw name="Input Text" library="SeleniumLibrary">
<doc>Types the given ``text`` into the text field identified by ``locator``.</doc>
<arguments>
<arg>${INPUT_PASSWORD}</arg>
<arg>${password}</arg>
</arguments>
<msg timestamp="20200427 23:24:04.702" level="INFO">Typing text 'Safra@123' into text field 'id:password'.</msg>
<status status="PASS" starttime="20200427 23:24:04.701" endtime="20200427 23:24:04.808"></status>
</kw>
<kw name="Click Element" library="SeleniumLibrary">
<doc>Click the element identified by ``locator``.</doc>
<arguments>
<arg>${BUTTON_LOGIN}</arg>
</arguments>
<msg timestamp="20200427 23:24:04.809" level="INFO">Clicking element 'id:loginButton'.</msg>
<status status="PASS" starttime="20200427 23:24:04.808" endtime="20200427 23:24:04.872"></status>
</kw>
<status status="PASS" starttime="20200427 23:24:04.536" endtime="20200427 23:24:04.873"></status>
</kw>
<kw name="Então devo ir para a página de cadastro do TCM no modo rascunho &quot;${expect_message}&quot;" library="setup_hz">
<kw name="Element Text Should Be" library="SeleniumLibrary">
<doc>Verifies that element ``locator`` contains exact the text ``expected``.</doc>
<arguments>
<arg>${TEXTO_ESTA_PRESENTE}</arg>
<arg>${expect_message}</arg>
</arguments>
<msg timestamp="20200427 23:24:04.874" level="INFO">Verifying element '//span[contains(text(),'Rascunho')]' contains exact text 'Rascunho'.</msg>
<status status="PASS" starttime="20200427 23:24:04.873" endtime="20200427 23:24:14.318"></status>
</kw>
<kw name="Get WebElement" library="SeleniumLibrary">
<doc>Returns the first WebElement matching the given ``locator``.</doc>
<arguments>
<arg>${TEXTO_ESTA_PRESENTE}</arg>
</arguments>
<assign>
<var>${WebElement}</var>
</assign>
<msg timestamp="20200427 23:24:14.331" level="INFO">${WebElement} = &lt;selenium.webdriver.remote.webelement.WebElement (session="22f578d5646a17533d5b4e8b224a709b", element="97263bd9-00f8-48cd-ad41-79714cd4ec52")&gt;</msg>
<status status="PASS" starttime="20200427 23:24:14.319" endtime="20200427 23:24:14.331"></status>
</kw>
<kw name="Wait Until Element Is Visible" library="SeleniumLibrary">
<doc>Waits until the element ``locator`` is visible.</doc>
<arguments>
<arg>${TEXTO_GUIA_DE_USUARIO_PRESENTE}</arg>
<arg>20</arg>
</arguments>
<status status="PASS" starttime="20200427 23:24:14.331" endtime="20200427 23:24:14.359"></status>
</kw>
<status status="PASS" starttime="20200427 23:24:04.873" endtime="20200427 23:24:14.360"></status>
</kw>
<status status="PASS" starttime="20200427 23:23:57.905" endtime="20200427 23:24:14.360"></status>
</kw>
<kw name="End Test" library="base" type="teardown">
<kw name="Capture Page Screenshot" library="SeleniumLibrary">
<doc>Takes a screenshot of the current page and embeds it into a log file.</doc>
<msg timestamp="20200427 23:24:14.984" level="INFO" html="yes">&lt;/td&gt;&lt;/tr&gt;&lt;tr&gt;&lt;td colspan="3"&gt;&lt;a href="selenium-screenshot-3276.png"&gt;&lt;img src="selenium-screenshot-3276.png" width="800px"&gt;&lt;/a&gt;</msg>
<status status="PASS" starttime="20200427 23:24:14.361" endtime="20200427 23:24:14.984"></status>
</kw>
<status status="PASS" starttime="20200427 23:24:14.361" endtime="20200427 23:24:14.984"></status>
</kw>
<status status="PASS" starttime="20200427 23:23:57.904" endtime="20200427 23:24:14.985" critical="yes"></status>
</test>
<test id="s1-t2" name="VALIDAÇÕES DE USUÁRIO sem applicabilities">
<kw name="Cadastro do campo VALIDAÇÕES DE USUÁRIO sem applicabilities">
<arguments>
<arg>AMEX CHIP - AXP EMV 001</arg>
<arg>Venda</arg>
<arg>Yes</arg>
<arg>O terminal lê a tarja magnética e solicita a inserção do chip</arg>
</arguments>
<kw name="Dado que acesso o caso de teste &quot;${caso_de_teste}&quot; e clico no botão de editar Validações de Usuário" library="setup_hz">
<kw name="Go To" library="SeleniumLibrary">
<doc>Navigates the current browser window to the provided ``url``.</doc>
<arguments>
<arg>about:blank</arg>
</arguments>
<msg timestamp="20200427 23:24:14.989" level="INFO">Opening url 'about:blank'</msg>
<status status="PASS" starttime="20200427 23:24:14.989" endtime="20200427 23:24:15.040"></status>
</kw>
<kw name="Go To" library="SeleniumLibrary">
<doc>Navigates the current browser window to the provided ``url``.</doc>
<arguments>
<arg>${BASE_URL}#!/${caso_de_teste}</arg>
</arguments>
<msg timestamp="20200427 23:24:15.040" level="INFO">Opening url 'https://rede.selftestplatform.com/tcm/testplan.htm?testplanid=1259#!/AMEX CHIP - AXP EMV 001'</msg>
<status status="PASS" starttime="20200427 23:24:15.040" endtime="20200427 23:24:16.191"></status>
</kw>
<kw name="Sleep" library="BuiltIn">
<doc>Pauses the test executed for the given time.</doc>
<arguments>
<arg>2</arg>
</arguments>
<msg timestamp="20200427 23:24:18.192" level="INFO">Slept 2 seconds</msg>
<status status="PASS" starttime="20200427 23:24:16.191" endtime="20200427 23:24:18.192"></status>
</kw>
<kw name="Wait Until Element Is Visible" library="SeleniumLibrary">
<doc>Waits until the element ``locator`` is visible.</doc>
<arguments>
<arg>${SPAN_ESCRITO_VALIDACOES_DE_USUARIO}</arg>
<arg>20</arg>
</arguments>
<status status="PASS" starttime="20200427 23:24:18.193" endtime="20200427 23:24:20.127"></status>
</kw>
<kw name="Set Focus To Element" library="SeleniumLibrary">
<doc>Sets the focus to the element identified by ``locator``.</doc>
<arguments>
<arg>${SPAN_ESCRITO_VALIDACOES_DE_USUARIO}</arg>
</arguments>
<status status="PASS" starttime="20200427 23:24:20.127" endtime="20200427 23:24:20.142"></status>
</kw>
<kw name="Sleep" library="BuiltIn">
<doc>Pauses the test executed for the given time.</doc>
<arguments>
<arg>2</arg>
</arguments>
<msg timestamp="20200427 23:24:22.144" level="INFO">Slept 2 seconds</msg>
<status status="PASS" starttime="20200427 23:24:20.143" endtime="20200427 23:24:22.144"></status>
</kw>
<kw name="Click Element" library="SeleniumLibrary">
<doc>Click the element identified by ``locator``.</doc>
<arguments>
<arg>${SPAN_ESCRITO_VALIDACOES_DE_USUARIO}</arg>
</arguments>
<msg timestamp="20200427 23:24:22.145" level="INFO">Clicking element '//crfo-panel[@title='Validações de usuário']//span[@class='glyphicon glyphicon-edit no-padding pull-right']'.</msg>
<status status="PASS" starttime="20200427 23:24:22.144" endtime="20200427 23:24:22.256"></status>
</kw>
<status status="PASS" starttime="20200427 23:24:14.988" endtime="20200427 23:24:22.257"></status>
</kw>
<kw name="Quando é preenchido o campo validações de Usuário &quot;${transacao}&quot;, o valor esperado ${valor_esperado} e com a descrição ${descricao}" library="setup_hz">
<kw name="Wait Until Element Is Visible" library="SeleniumLibrary">
<doc>Waits until the element ``locator`` is visible.</doc>
<arguments>
<arg>//div[@id='editTcUservalidations']//h4[@class='ng-binding'][contains(text(),'${transacao}')]/..//a[contains(text(),'Adicionar')]</arg>
</arguments>
<status status="PASS" starttime="20200427 23:24:22.258" endtime="20200427 23:24:22.509"></status>
</kw>
<kw name="Set Focus To Element" library="SeleniumLibrary">
<doc>Sets the focus to the element identified by ``locator``.</doc>
<arguments>
<arg>//div[@id='editTcUservalidations']//h4[@class='ng-binding'][contains(text(),'${transacao}')]/..//a[contains(text(),'Adicionar')]</arg>
</arguments>
<status status="PASS" starttime="20200427 23:24:22.509" endtime="20200427 23:24:22.530"></status>
</kw>
<kw name="Sleep" library="BuiltIn">
<doc>Pauses the test executed for the given time.</doc>
<arguments>
<arg>2</arg>
</arguments>
<msg timestamp="20200427 23:24:24.532" level="INFO">Slept 2 seconds</msg>
<status status="PASS" starttime="20200427 23:24:22.531" endtime="20200427 23:24:24.532"></status>
</kw>
<kw name="Click Element" library="SeleniumLibrary">
<doc>Click the element identified by ``locator``.</doc>
<arguments>
<arg>//div[@id='editTcUservalidations']//h4[@class='ng-binding'][contains(text(),'${transacao}')]/..//a[contains(text(),'Adicionar')]</arg>
</arguments>
<msg timestamp="20200427 23:24:24.532" level="INFO">Clicking element '//div[@id='editTcUservalidations']//h4[@class='ng-binding'][contains(text(),'Venda')]/..//a[contains(text(),'Adicionar')]'.</msg>
<status status="PASS" starttime="20200427 23:24:24.532" endtime="20200427 23:24:24.641"></status>
</kw>
<kw name="Wait Until Element Is Visible" library="SeleniumLibrary">
<doc>Waits until the element ``locator`` is visible.</doc>
<arguments>
<arg>${SPAN_VALIDACOES_DE_HOST_N/A}</arg>
</arguments>
<status status="PASS" starttime="20200427 23:24:24.642" endtime="20200427 23:24:24.666"></status>
</kw>
<kw name="Click Element" library="SeleniumLibrary">
<doc>Click the element identified by ``locator``.</doc>
<arguments>
<arg>${SPAN_VALIDACOES_DE_HOST_N/A}</arg>
</arguments>
<msg timestamp="20200427 23:24:24.667" level="INFO">Clicking element '//span[contains(text(),'N/A')]'.</msg>
<status status="PASS" starttime="20200427 23:24:24.666" endtime="20200427 23:24:24.728"></status>
</kw>
<kw name="Wait Until Element Is Visible" library="SeleniumLibrary">
<doc>Waits until the element ``locator`` is visible.</doc>
<arguments>
<arg>${INPUT_VALIDACOES_DE_USUARIO_VALOR_ESPERADO}</arg>
</arguments>
<status status="PASS" starttime="20200427 23:24:24.728" endtime="20200427 23:24:25.030"></status>
</kw>
<kw name="Input Text" library="SeleniumLibrary">
<doc>Types the given ``text`` into the text field identified by ``locator``.</doc>
<arguments>
<arg>${INPUT_VALIDACOES_DE_USUARIO_VALOR_ESPERADO}</arg>
<arg>Yes</arg>
</arguments>
<msg timestamp="20200427 23:24:25.031" level="INFO">Typing text 'Yes' into text field '//span[contains(text(),'N/A')]//..//..//..//input[@ng-model='newInputValue']'.</msg>
<status status="PASS" starttime="20200427 23:24:25.030" endtime="20200427 23:24:25.247"></status>
</kw>
<kw name="Click Element" library="SeleniumLibrary">
<doc>Click the element identified by ``locator``.</doc>
<arguments>
<arg>${SPAN_VALIDACOES_DE_USUARIO_ADICIONAR}</arg>
</arguments>
<msg timestamp="20200427 23:24:25.248" level="INFO">Clicking element '//span[contains(text(),'N/A')]//..//..//..//span[@class='input-group-btn']'.</msg>
<status status="PASS" starttime="20200427 23:24:25.247" endtime="20200427 23:24:25.349"></status>
</kw>
<kw name="Input Text" library="SeleniumLibrary">
<doc>Types the given ``text`` into the text field identified by ``locator``.</doc>
<arguments>
<arg>${INPUT_VALIDACOES_DE_USUARIO_VALOR_ESPERADO}</arg>
<arg>No</arg>
</arguments>
<msg timestamp="20200427 23:24:25.350" level="INFO">Typing text 'No' into text field '//span[contains(text(),'N/A')]//..//..//..//input[@ng-model='newInputValue']'.</msg>
<status status="PASS" starttime="20200427 23:24:25.349" endtime="20200427 23:24:25.458"></status>
</kw>
<kw name="Click Element" library="SeleniumLibrary">
<doc>Click the element identified by ``locator``.</doc>
<arguments>
<arg>${SPAN_VALIDACOES_DE_USUARIO_ADICIONAR}</arg>
</arguments>
<msg timestamp="20200427 23:24:25.458" level="INFO">Clicking element '//span[contains(text(),'N/A')]//..//..//..//span[@class='input-group-btn']'.</msg>
<status status="PASS" starttime="20200427 23:24:25.458" endtime="20200427 23:24:25.542"></status>
</kw>
<kw name="Select From List By Label" library="SeleniumLibrary">
<doc>Selects options from selection list ``locator`` by ``labels``.</doc>
<arguments>
<arg>${SELECT_VALIDACOES_DE_USUARIO_PASS}</arg>
<arg>Pass</arg>
</arguments>
<msg timestamp="20200427 23:24:25.543" level="INFO">Selecting options from selection list '//span[contains(text(),'N/A')]//..//..//..//select[@ng-model='uv.passLevel']' by label Pass.</msg>
<status status="PASS" starttime="20200427 23:24:25.543" endtime="20200427 23:24:25.707"></status>
</kw>
<kw name="Select From List By Label" library="SeleniumLibrary">
<doc>Selects options from selection list ``locator`` by ``labels``.</doc>
<arguments>
<arg>${SELECT_VALIDACOES_DE_USUARIO_FAIL}</arg>
<arg>Fail</arg>
</arguments>
<msg timestamp="20200427 23:24:25.708" level="INFO">Selecting options from selection list '//span[contains(text(),'N/A')]//..//..//..//select[@ng-model='uv.failLevel']' by label Fail.</msg>
<status status="PASS" starttime="20200427 23:24:25.707" endtime="20200427 23:24:25.817"></status>
</kw>
<kw name="Select From List By Label" library="SeleniumLibrary">
<doc>Selects options from selection list ``locator`` by ``labels``.</doc>
<arguments>
<arg>${SELECT_VALIDACOES_DE_USUARIO_VALOR_ESPERADO}</arg>
<arg>${valor_esperado}</arg>
</arguments>
<msg timestamp="20200427 23:24:25.818" level="INFO">Selecting options from selection list '//span[contains(text(),'N/A')]//..//..//..//select[@ng-model='uv.encodedExpectedValue']' by label Yes.</msg>
<status status="PASS" starttime="20200427 23:24:25.818" endtime="20200427 23:24:25.958"></status>
</kw>
<kw name="Input Text" library="SeleniumLibrary">
<doc>Types the given ``text`` into the text field identified by ``locator``.</doc>
<arguments>
<arg>${TEXTAREA_VALIDACOES_DE_USUARIO_DESCRICAO}</arg>
<arg>${descricao}</arg>
</arguments>
<msg timestamp="20200427 23:24:25.958" level="INFO">Typing text 'O terminal lê a tarja magnética e solicita a inserção do chip' into text field '//span[contains(text(),'N/A')]//..//..//..//textarea[@ng-model='uv.description']'.</msg>
<status status="PASS" starttime="20200427 23:24:25.958" endtime="20200427 23:24:27.027"></status>
</kw>
<kw name="Capture Page Screenshot" library="SeleniumLibrary">
<doc>Takes a screenshot of the current page and embeds it into a log file.</doc>
<msg timestamp="20200427 23:24:27.555" level="INFO" html="yes">&lt;/td&gt;&lt;/tr&gt;&lt;tr&gt;&lt;td colspan="3"&gt;&lt;a href="selenium-screenshot-3277.png"&gt;&lt;img src="selenium-screenshot-3277.png" width="800px"&gt;&lt;/a&gt;</msg>
<status status="PASS" starttime="20200427 23:24:27.027" endtime="20200427 23:24:27.555"></status>
</kw>
<kw name="Sleep" library="BuiltIn">
<doc>Pauses the test executed for the given time.</doc>
<arguments>
<arg>5</arg>
</arguments>
<msg timestamp="20200427 23:24:32.556" level="INFO">Slept 5 seconds</msg>
<status status="PASS" starttime="20200427 23:24:27.555" endtime="20200427 23:24:32.556"></status>
</kw>
<status status="PASS" starttime="20200427 23:24:22.257" endtime="20200427 23:24:32.556"></status>
</kw>
<kw name="Então a seção é salva e o cadastro do campo validações de Usuário é encerrado" library="setup_hz">
<kw name="Wait Until Element Is Enabled" library="SeleniumLibrary">
<doc>Waits until the element ``locator`` is enabled.</doc>
<arguments>
<arg>${BUTTON_OK_VALIDACOES_DE_USUARIO}</arg>
</arguments>
<status status="PASS" starttime="20200427 23:24:32.557" endtime="20200427 23:24:32.586"></status>
</kw>
<kw name="Click Element" library="SeleniumLibrary">
<doc>Click the element identified by ``locator``.</doc>
<arguments>
<arg>${BUTTON_OK_VALIDACOES_DE_USUARIO}</arg>
</arguments>
<msg timestamp="20200427 23:24:32.587" level="INFO">Clicking element '//div[@id='editTcUservalidations']//button[@type='button'][contains(text(),'OK')]'.</msg>
<status status="PASS" starttime="20200427 23:24:32.586" endtime="20200427 23:24:32.693"></status>
</kw>
<kw name="Capture Page Screenshot" library="SeleniumLibrary">
<doc>Takes a screenshot of the current page and embeds it into a log file.</doc>
<msg timestamp="20200427 23:24:33.282" level="INFO" html="yes">&lt;/td&gt;&lt;/tr&gt;&lt;tr&gt;&lt;td colspan="3"&gt;&lt;a href="selenium-screenshot-3278.png"&gt;&lt;img src="selenium-screenshot-3278.png" width="800px"&gt;&lt;/a&gt;</msg>
<status status="PASS" starttime="20200427 23:24:32.693" endtime="20200427 23:24:33.282"></status>
</kw>
<kw name="Sleep" library="BuiltIn">
<doc>Pauses the test executed for the given time.</doc>
<arguments>
<arg>2</arg>
</arguments>
<msg timestamp="20200427 23:24:35.284" level="INFO">Slept 2 seconds</msg>
<status status="PASS" starttime="20200427 23:24:33.283" endtime="20200427 23:24:35.284"></status>
</kw>
<kw name="Set Focus To Element" library="SeleniumLibrary">
<doc>Sets the focus to the element identified by ``locator``.</doc>
<arguments>
<arg>${A_PAGINA_INICIAL}</arg>
</arguments>
<status status="PASS" starttime="20200427 23:24:35.285" endtime="20200427 23:24:35.341"></status>
</kw>
<kw name="Sleep" library="BuiltIn">
<doc>Pauses the test executed for the given time.</doc>
<arguments>
<arg>2</arg>
</arguments>
<msg timestamp="20200427 23:24:37.342" level="INFO">Slept 2 seconds</msg>
<status status="PASS" starttime="20200427 23:24:35.341" endtime="20200427 23:24:37.342"></status>
</kw>
<kw name="Wait Until Element Is Enabled" library="SeleniumLibrary">
<doc>Waits until the element ``locator`` is enabled.</doc>
<arguments>
<arg>${BUTTON_SALVAR_DROPDOWN}</arg>
<arg>20</arg>
</arguments>
<status status="PASS" starttime="20200427 23:24:37.343" endtime="20200427 23:24:37.370"></status>
</kw>
<kw name="Click Element" library="SeleniumLibrary">
<doc>Click the element identified by ``locator``.</doc>
<arguments>
<arg>${BUTTON_SALVAR_DROPDOWN}</arg>
</arguments>
<msg timestamp="20200427 23:24:37.371" level="INFO">Clicking element '//button[@class='btn btn-link dropdown-toggle']'.</msg>
<status status="PASS" starttime="20200427 23:24:37.370" endtime="20200427 23:24:37.514"></status>
</kw>
<kw name="Wait Until Element Is Visible" library="SeleniumLibrary">
<doc>Waits until the element ``locator`` is visible.</doc>
<arguments>
<arg>${LINKTEXT_CRIAR_NOVA_VERSAO}</arg>
<arg>5</arg>
</arguments>
<status status="PASS" starttime="20200427 23:24:37.514" endtime="20200427 23:24:38.072"></status>
</kw>
<kw name="Click Link" library="SeleniumLibrary">
<doc>Clicks a link identified by ``locator``.</doc>
<arguments>
<arg>${LINKTEXT_CRIAR_NOVA_VERSAO}</arg>
</arguments>
<msg timestamp="20200427 23:24:38.073" level="INFO">Clicking link 'link:Criar nova versão'.</msg>
<status status="PASS" starttime="20200427 23:24:38.072" endtime="20200427 23:24:38.559"></status>
</kw>
<kw name="Sleep" library="BuiltIn">
<doc>Pauses the test executed for the given time.</doc>
<arguments>
<arg>10</arg>
</arguments>
<msg timestamp="20200427 23:24:48.560" level="INFO">Slept 10 seconds</msg>
<status status="PASS" starttime="20200427 23:24:38.559" endtime="20200427 23:24:48.560"></status>
</kw>
<status status="PASS" starttime="20200427 23:24:32.556" endtime="20200427 23:24:48.560"></status>
</kw>
<status status="PASS" starttime="20200427 23:24:14.988" endtime="20200427 23:24:48.561"></status>
</kw>
<kw name="Cadastro do campo VALIDAÇÕES DE USUÁRIO sem applicabilities">
<arguments>
<arg>AMEX CHIP - AXP EMV 002</arg>
<arg>Venda</arg>
<arg>Yes</arg>
<arg>O valor da transação é exibido ao cliente</arg>
</arguments>
<kw name="Dado que acesso o caso de teste &quot;${caso_de_teste}&quot; e clico no botão de editar Validações de Usuário" library="setup_hz">
<kw name="Go To" library="SeleniumLibrary">
<doc>Navigates the current browser window to the provided ``url``.</doc>
<arguments>
<arg>about:blank</arg>
</arguments>
<msg timestamp="20200427 23:24:48.563" level="INFO">Opening url 'about:blank'</msg>
<status status="PASS" starttime="20200427 23:24:48.563" endtime="20200427 23:24:48.637"></status>
</kw>
<kw name="Go To" library="SeleniumLibrary">
<doc>Navigates the current browser window to the provided ``url``.</doc>
<arguments>
<arg>${BASE_URL}#!/${caso_de_teste}</arg>
</arguments>
<msg timestamp="20200427 23:24:48.638" level="INFO">Opening url 'https://rede.selftestplatform.com/tcm/testplan.htm?testplanid=1259#!/AMEX CHIP - AXP EMV 002'</msg>
<status status="PASS" starttime="20200427 23:24:48.637" endtime="20200427 23:24:49.422"></status>
</kw>
<kw name="Sleep" library="BuiltIn">
<doc>Pauses the test executed for the given time.</doc>
<arguments>
<arg>2</arg>
</arguments>
<msg timestamp="20200427 23:24:51.422" level="INFO">Slept 2 seconds</msg>
<status status="PASS" starttime="20200427 23:24:49.422" endtime="20200427 23:24:51.422"></status>
</kw>
<kw name="Wait Until Element Is Visible" library="SeleniumLibrary">
<doc>Waits until the element ``locator`` is visible.</doc>
<arguments>
<arg>${SPAN_ESCRITO_VALIDACOES_DE_USUARIO}</arg>
<arg>20</arg>
</arguments>
<status status="PASS" starttime="20200427 23:24:51.423" endtime="20200427 23:24:55.646"></status>
</kw>
<kw name="Set Focus To Element" library="SeleniumLibrary">
<doc>Sets the focus to the element identified by ``locator``.</doc>
<arguments>
<arg>${SPAN_ESCRITO_VALIDACOES_DE_USUARIO}</arg>
</arguments>
<status status="PASS" starttime="20200427 23:24:55.646" endtime="20200427 23:24:55.668"></status>
</kw>
<kw name="Sleep" library="BuiltIn">
<doc>Pauses the test executed for the given time.</doc>
<arguments>
<arg>2</arg>
</arguments>
<msg timestamp="20200427 23:24:57.669" level="INFO">Slept 2 seconds</msg>
<status status="PASS" starttime="20200427 23:24:55.668" endtime="20200427 23:24:57.669"></status>
</kw>
<kw name="Click Element" library="SeleniumLibrary">
<doc>Click the element identified by ``locator``.</doc>
<arguments>
<arg>${SPAN_ESCRITO_VALIDACOES_DE_USUARIO}</arg>
</arguments>
<msg timestamp="20200427 23:24:57.669" level="INFO">Clicking element '//crfo-panel[@title='Validações de usuário']//span[@class='glyphicon glyphicon-edit no-padding pull-right']'.</msg>
<status status="PASS" starttime="20200427 23:24:57.669" endtime="20200427 23:24:57.802"></status>
</kw>
<status status="PASS" starttime="20200427 23:24:48.562" endtime="20200427 23:24:57.802"></status>
</kw>
<kw name="Quando é preenchido o campo validações de Usuário &quot;${transacao}&quot;, o valor esperado ${valor_esperado} e com a descrição ${descricao}" library="setup_hz">
<kw name="Wait Until Element Is Visible" library="SeleniumLibrary">
<doc>Waits until the element ``locator`` is visible.</doc>
<arguments>
<arg>//div[@id='editTcUservalidations']//h4[@class='ng-binding'][contains(text(),'${transacao}')]/..//a[contains(text(),'Adicionar')]</arg>
</arguments>
<status status="PASS" starttime="20200427 23:24:57.804" endtime="20200427 23:24:58.058"></status>
</kw>
<kw name="Set Focus To Element" library="SeleniumLibrary">
<doc>Sets the focus to the element identified by ``locator``.</doc>
<arguments>
<arg>//div[@id='editTcUservalidations']//h4[@class='ng-binding'][contains(text(),'${transacao}')]/..//a[contains(text(),'Adicionar')]</arg>
</arguments>
<status status="PASS" starttime="20200427 23:24:58.058" endtime="20200427 23:24:58.079"></status>
</kw>
<kw name="Sleep" library="BuiltIn">
<doc>Pauses the test executed for the given time.</doc>
<arguments>
<arg>2</arg>
</arguments>
<msg timestamp="20200427 23:25:00.080" level="INFO">Slept 2 seconds</msg>
<status status="PASS" starttime="20200427 23:24:58.079" endtime="20200427 23:25:00.080"></status>
</kw>
<kw name="Click Element" library="SeleniumLibrary">
<doc>Click the element identified by ``locator``.</doc>
<arguments>
<arg>//div[@id='editTcUservalidations']//h4[@class='ng-binding'][contains(text(),'${transacao}')]/..//a[contains(text(),'Adicionar')]</arg>
</arguments>
<msg timestamp="20200427 23:25:00.082" level="INFO">Clicking element '//div[@id='editTcUservalidations']//h4[@class='ng-binding'][contains(text(),'Venda')]/..//a[contains(text(),'Adicionar')]'.</msg>
<status status="PASS" starttime="20200427 23:25:00.081" endtime="20200427 23:25:00.298"></status>
</kw>
<kw name="Wait Until Element Is Visible" library="SeleniumLibrary">
<doc>Waits until the element ``locator`` is visible.</doc>
<arguments>
<arg>${SPAN_VALIDACOES_DE_HOST_N/A}</arg>
</arguments>
<status status="PASS" starttime="20200427 23:25:00.298" endtime="20200427 23:25:00.339"></status>
</kw>
<kw name="Click Element" library="SeleniumLibrary">
<doc>Click the element identified by ``locator``.</doc>
<arguments>
<arg>${SPAN_VALIDACOES_DE_HOST_N/A}</arg>
</arguments>
<msg timestamp="20200427 23:25:00.340" level="INFO">Clicking element '//span[contains(text(),'N/A')]'.</msg>
<status status="PASS" starttime="20200427 23:25:00.339" endtime="20200427 23:25:00.487"></status>
</kw>
<kw name="Wait Until Element Is Visible" library="SeleniumLibrary">
<doc>Waits until the element ``locator`` is visible.</doc>
<arguments>
<arg>${INPUT_VALIDACOES_DE_USUARIO_VALOR_ESPERADO}</arg>
</arguments>
<status status="PASS" starttime="20200427 23:25:00.488" endtime="20200427 23:25:00.787"></status>
</kw>
<kw name="Input Text" library="SeleniumLibrary">
<doc>Types the given ``text`` into the text field identified by ``locator``.</doc>
<arguments>
<arg>${INPUT_VALIDACOES_DE_USUARIO_VALOR_ESPERADO}</arg>
<arg>Yes</arg>
</arguments>
<msg timestamp="20200427 23:25:00.788" level="INFO">Typing text 'Yes' into text field '//span[contains(text(),'N/A')]//..//..//..//input[@ng-model='newInputValue']'.</msg>
<status status="PASS" starttime="20200427 23:25:00.788" endtime="20200427 23:25:01.011"></status>
</kw>
<kw name="Click Element" library="SeleniumLibrary">
<doc>Click the element identified by ``locator``.</doc>
<arguments>
<arg>${SPAN_VALIDACOES_DE_USUARIO_ADICIONAR}</arg>
</arguments>
<msg timestamp="20200427 23:25:01.012" level="INFO">Clicking element '//span[contains(text(),'N/A')]//..//..//..//span[@class='input-group-btn']'.</msg>
<status status="PASS" starttime="20200427 23:25:01.011" endtime="20200427 23:25:01.185"></status>
</kw>
<kw name="Input Text" library="SeleniumLibrary">
<doc>Types the given ``text`` into the text field identified by ``locator``.</doc>
<arguments>
<arg>${INPUT_VALIDACOES_DE_USUARIO_VALOR_ESPERADO}</arg>
<arg>No</arg>
</arguments>
<msg timestamp="20200427 23:25:01.186" level="INFO">Typing text 'No' into text field '//span[contains(text(),'N/A')]//..//..//..//input[@ng-model='newInputValue']'.</msg>
<status status="PASS" starttime="20200427 23:25:01.185" endtime="20200427 23:25:01.433"></status>
</kw>
<kw name="Click Element" library="SeleniumLibrary">
<doc>Click the element identified by ``locator``.</doc>
<arguments>
<arg>${SPAN_VALIDACOES_DE_USUARIO_ADICIONAR}</arg>
</arguments>
<msg timestamp="20200427 23:25:01.434" level="INFO">Clicking element '//span[contains(text(),'N/A')]//..//..//..//span[@class='input-group-btn']'.</msg>
<status status="PASS" starttime="20200427 23:25:01.433" endtime="20200427 23:25:01.514"></status>
</kw>
<kw name="Select From List By Label" library="SeleniumLibrary">
<doc>Selects options from selection list ``locator`` by ``labels``.</doc>
<arguments>
<arg>${SELECT_VALIDACOES_DE_USUARIO_PASS}</arg>
<arg>Pass</arg>
</arguments>
<msg timestamp="20200427 23:25:01.514" level="INFO">Selecting options from selection list '//span[contains(text(),'N/A')]//..//..//..//select[@ng-model='uv.passLevel']' by label Pass.</msg>
<status status="PASS" starttime="20200427 23:25:01.514" endtime="20200427 23:25:01.625"></status>
</kw>
<kw name="Select From List By Label" library="SeleniumLibrary">
<doc>Selects options from selection list ``locator`` by ``labels``.</doc>
<arguments>
<arg>${SELECT_VALIDACOES_DE_USUARIO_FAIL}</arg>
<arg>Fail</arg>
</arguments>
<msg timestamp="20200427 23:25:01.625" level="INFO">Selecting options from selection list '//span[contains(text(),'N/A')]//..//..//..//select[@ng-model='uv.failLevel']' by label Fail.</msg>
<status status="PASS" starttime="20200427 23:25:01.625" endtime="20200427 23:25:01.764"></status>
</kw>
<kw name="Select From List By Label" library="SeleniumLibrary">
<doc>Selects options from selection list ``locator`` by ``labels``.</doc>
<arguments>
<arg>${SELECT_VALIDACOES_DE_USUARIO_VALOR_ESPERADO}</arg>
<arg>${valor_esperado}</arg>
</arguments>
<msg timestamp="20200427 23:25:01.764" level="INFO">Selecting options from selection list '//span[contains(text(),'N/A')]//..//..//..//select[@ng-model='uv.encodedExpectedValue']' by label Yes.</msg>
<status status="PASS" starttime="20200427 23:25:01.764" endtime="20200427 23:25:01.914"></status>
</kw>
<kw name="Input Text" library="SeleniumLibrary">
<doc>Types the given ``text`` into the text field identified by ``locator``.</doc>
<arguments>
<arg>${TEXTAREA_VALIDACOES_DE_USUARIO_DESCRICAO}</arg>
<arg>${descricao}</arg>
</arguments>
<msg timestamp="20200427 23:25:01.914" level="INFO">Typing text 'O valor da transação é exibido ao cliente' into text field '//span[contains(text(),'N/A')]//..//..//..//textarea[@ng-model='uv.description']'.</msg>
<status status="PASS" starttime="20200427 23:25:01.914" endtime="20200427 23:25:02.857"></status>
</kw>
<kw name="Capture Page Screenshot" library="SeleniumLibrary">
<doc>Takes a screenshot of the current page and embeds it into a log file.</doc>
<msg timestamp="20200427 23:25:03.767" level="INFO" html="yes">&lt;/td&gt;&lt;/tr&gt;&lt;tr&gt;&lt;td colspan="3"&gt;&lt;a href="selenium-screenshot-3279.png"&gt;&lt;img src="selenium-screenshot-3279.png" width="800px"&gt;&lt;/a&gt;</msg>
<status status="PASS" starttime="20200427 23:25:02.857" endtime="20200427 23:25:03.767"></status>
</kw>
<kw name="Sleep" library="BuiltIn">
<doc>Pauses the test executed for the given time.</doc>
<arguments>
<arg>5</arg>
</arguments>
<msg timestamp="20200427 23:25:08.770" level="INFO">Slept 5 seconds</msg>
<status status="PASS" starttime="20200427 23:25:03.768" endtime="20200427 23:25:08.770"></status>
</kw>
<status status="PASS" starttime="20200427 23:24:57.802" endtime="20200427 23:25:08.770"></status>
</kw>
<kw name="Então a seção é salva e o cadastro do campo validações de Usuário é encerrado" library="setup_hz">
<kw name="Wait Until Element Is Enabled" library="SeleniumLibrary">
<doc>Waits until the element ``locator`` is enabled.</doc>
<arguments>
<arg>${BUTTON_OK_VALIDACOES_DE_USUARIO}</arg>
</arguments>
<status status="PASS" starttime="20200427 23:25:08.771" endtime="20200427 23:25:08.845"></status>
</kw>
<kw name="Click Element" library="SeleniumLibrary">
<doc>Click the element identified by ``locator``.</doc>
<arguments>
<arg>${BUTTON_OK_VALIDACOES_DE_USUARIO}</arg>
</arguments>
<msg timestamp="20200427 23:25:08.845" level="INFO">Clicking element '//div[@id='editTcUservalidations']//button[@type='button'][contains(text(),'OK')]'.</msg>
<status status="PASS" starttime="20200427 23:25:08.845" endtime="20200427 23:25:08.959"></status>
</kw>
<kw name="Capture Page Screenshot" library="SeleniumLibrary">
<doc>Takes a screenshot of the current page and embeds it into a log file.</doc>
<msg timestamp="20200427 23:25:09.809" level="INFO" html="yes">&lt;/td&gt;&lt;/tr&gt;&lt;tr&gt;&lt;td colspan="3"&gt;&lt;a href="selenium-screenshot-3280.png"&gt;&lt;img src="selenium-screenshot-3280.png" width="800px"&gt;&lt;/a&gt;</msg>
<status status="PASS" starttime="20200427 23:25:08.959" endtime="20200427 23:25:09.809"></status>
</kw>
<kw name="Sleep" library="BuiltIn">
<doc>Pauses the test executed for the given time.</doc>
<arguments>
<arg>2</arg>
</arguments>
<msg timestamp="20200427 23:25:11.811" level="INFO">Slept 2 seconds</msg>
<status status="PASS" starttime="20200427 23:25:09.810" endtime="20200427 23:25:11.811"></status>
</kw>
<kw name="Set Focus To Element" library="SeleniumLibrary">
<doc>Sets the focus to the element identified by ``locator``.</doc>
<arguments>
<arg>${A_PAGINA_INICIAL}</arg>
</arguments>
<status status="PASS" starttime="20200427 23:25:11.812" endtime="20200427 23:25:11.915"></status>
</kw>
<kw name="Sleep" library="BuiltIn">
<doc>Pauses the test executed for the given time.</doc>
<arguments>
<arg>2</arg>
</arguments>
<msg timestamp="20200427 23:25:13.917" level="INFO">Slept 2 seconds</msg>
<status status="PASS" starttime="20200427 23:25:11.916" endtime="20200427 23:25:13.917"></status>
</kw>
<kw name="Wait Until Element Is Enabled" library="SeleniumLibrary">
<doc>Waits until the element ``locator`` is enabled.</doc>
<arguments>
<arg>${BUTTON_SALVAR_DROPDOWN}</arg>
<arg>20</arg>
</arguments>
<status status="PASS" starttime="20200427 23:25:13.918" endtime="20200427 23:25:14.001"></status>
</kw>
<kw name="Click Element" library="SeleniumLibrary">
<doc>Click the element identified by ``locator``.</doc>
<arguments>
<arg>${BUTTON_SALVAR_DROPDOWN}</arg>
</arguments>
<msg timestamp="20200427 23:25:14.003" level="INFO">Clicking element '//button[@class='btn btn-link dropdown-toggle']'.</msg>
<status status="PASS" starttime="20200427 23:25:14.002" endtime="20200427 23:25:14.206"></status>
</kw>
<kw name="Wait Until Element Is Visible" library="SeleniumLibrary">
<doc>Waits until the element ``locator`` is visible.</doc>
<arguments>
<arg>${LINKTEXT_CRIAR_NOVA_VERSAO}</arg>
<arg>5</arg>
</arguments>
<status status="PASS" starttime="20200427 23:25:14.206" endtime="20200427 23:25:14.816"></status>
</kw>
<kw name="Click Link" library="SeleniumLibrary">
<doc>Clicks a link identified by ``locator``.</doc>
<arguments>
<arg>${LINKTEXT_CRIAR_NOVA_VERSAO}</arg>
</arguments>
<msg timestamp="20200427 23:25:14.817" level="INFO">Clicking link 'link:Criar nova versão'.</msg>
<status status="PASS" starttime="20200427 23:25:14.817" endtime="20200427 23:25:15.341"></status>
</kw>
<kw name="Sleep" library="BuiltIn">
<doc>Pauses the test executed for the given time.</doc>
<arguments>
<arg>10</arg>
</arguments>
<msg timestamp="20200427 23:25:25.342" level="INFO">Slept 10 seconds</msg>
<status status="PASS" starttime="20200427 23:25:15.341" endtime="20200427 23:25:25.343"></status>
</kw>
<status status="PASS" starttime="20200427 23:25:08.770" endtime="20200427 23:25:25.343"></status>
</kw>
<status status="PASS" starttime="20200427 23:24:48.562" endtime="20200427 23:25:25.344"></status>
</kw>
<kw name="Cadastro do campo VALIDAÇÕES DE USUÁRIO sem applicabilities">
<arguments>
<arg>AMEX CHIP - AXP EMV 004</arg>
<arg>Venda</arg>
<arg>Yes</arg>
<arg>Terminal não exibe Application Label - OU - exibe AMERICAN EXPRESS na tela</arg>
</arguments>
<kw name="Dado que acesso o caso de teste &quot;${caso_de_teste}&quot; e clico no botão de editar Validações de Usuário" library="setup_hz">
<kw name="Go To" library="SeleniumLibrary">
<doc>Navigates the current browser window to the provided ``url``.</doc>
<arguments>
<arg>about:blank</arg>
</arguments>
<msg timestamp="20200427 23:25:25.352" level="INFO">Opening url 'about:blank'</msg>
<status status="PASS" starttime="20200427 23:25:25.351" endtime="20200427 23:25:25.508"></status>
</kw>
<kw name="Go To" library="SeleniumLibrary">
<doc>Navigates the current browser window to the provided ``url``.</doc>
<arguments>
<arg>${BASE_URL}#!/${caso_de_teste}</arg>
</arguments>
<msg timestamp="20200427 23:25:25.509" level="INFO">Opening url 'https://rede.selftestplatform.com/tcm/testplan.htm?testplanid=1259#!/AMEX CHIP - AXP EMV 004'</msg>
<status status="PASS" starttime="20200427 23:25:25.508" endtime="20200427 23:25:26.239"></status>
</kw>
<kw name="Sleep" library="BuiltIn">
<doc>Pauses the test executed for the given time.</doc>
<arguments>
<arg>2</arg>
</arguments>
<msg timestamp="20200427 23:25:28.240" level="INFO">Slept 2 seconds</msg>
<status status="PASS" starttime="20200427 23:25:26.239" endtime="20200427 23:25:28.240"></status>
</kw>
<kw name="Wait Until Element Is Visible" library="SeleniumLibrary">
<doc>Waits until the element ``locator`` is visible.</doc>
<arguments>
<arg>${SPAN_ESCRITO_VALIDACOES_DE_USUARIO}</arg>
<arg>20</arg>
</arguments>
<status status="PASS" starttime="20200427 23:25:28.241" endtime="20200427 23:25:32.118"></status>
</kw>
<kw name="Set Focus To Element" library="SeleniumLibrary">
<doc>Sets the focus to the element identified by ``locator``.</doc>
<arguments>
<arg>${SPAN_ESCRITO_VALIDACOES_DE_USUARIO}</arg>
</arguments>
<status status="PASS" starttime="20200427 23:25:32.118" endtime="20200427 23:25:32.134"></status>
</kw>
<kw name="Sleep" library="BuiltIn">
<doc>Pauses the test executed for the given time.</doc>
<arguments>
<arg>2</arg>
</arguments>
<msg timestamp="20200427 23:25:34.137" level="INFO">Slept 2 seconds</msg>
<status status="PASS" starttime="20200427 23:25:32.135" endtime="20200427 23:25:34.137"></status>
</kw>
<kw name="Click Element" library="SeleniumLibrary">
<doc>Click the element identified by ``locator``.</doc>
<arguments>
<arg>${SPAN_ESCRITO_VALIDACOES_DE_USUARIO}</arg>
</arguments>
<msg timestamp="20200427 23:25:34.140" level="INFO">Clicking element '//crfo-panel[@title='Validações de usuário']//span[@class='glyphicon glyphicon-edit no-padding pull-right']'.</msg>
<status status="PASS" starttime="20200427 23:25:34.138" endtime="20200427 23:25:34.500"></status>
</kw>
<status status="PASS" starttime="20200427 23:25:25.348" endtime="20200427 23:25:34.500"></status>
</kw>
<kw name="Quando é preenchido o campo validações de Usuário &quot;${transacao}&quot;, o valor esperado ${valor_esperado} e com a descrição ${descricao}" library="setup_hz">
<kw name="Wait Until Element Is Visible" library="SeleniumLibrary">
<doc>Waits until the element ``locator`` is visible.</doc>
<arguments>
<arg>//div[@id='editTcUservalidations']//h4[@class='ng-binding'][contains(text(),'${transacao}')]/..//a[contains(text(),'Adicionar')]</arg>
</arguments>
<status status="PASS" starttime="20200427 23:25:34.502" endtime="20200427 23:25:34.812"></status>
</kw>
<kw name="Set Focus To Element" library="SeleniumLibrary">
<doc>Sets the focus to the element identified by ``locator``.</doc>
<arguments>
<arg>//div[@id='editTcUservalidations']//h4[@class='ng-binding'][contains(text(),'${transacao}')]/..//a[contains(text(),'Adicionar')]</arg>
</arguments>
<status status="PASS" starttime="20200427 23:25:34.813" endtime="20200427 23:25:34.838"></status>
</kw>
<kw name="Sleep" library="BuiltIn">
<doc>Pauses the test executed for the given time.</doc>
<arguments>
<arg>2</arg>
</arguments>
<msg timestamp="20200427 23:25:36.839" level="INFO">Slept 2 seconds</msg>
<status status="PASS" starttime="20200427 23:25:34.839" endtime="20200427 23:25:36.840"></status>
</kw>
<kw name="Click Element" library="SeleniumLibrary">
<doc>Click the element identified by ``locator``.</doc>
<arguments>
<arg>//div[@id='editTcUservalidations']//h4[@class='ng-binding'][contains(text(),'${transacao}')]/..//a[contains(text(),'Adicionar')]</arg>
</arguments>
<msg timestamp="20200427 23:25:36.842" level="INFO">Clicking element '//div[@id='editTcUservalidations']//h4[@class='ng-binding'][contains(text(),'Venda')]/..//a[contains(text(),'Adicionar')]'.</msg>
<status status="PASS" starttime="20200427 23:25:36.840" endtime="20200427 23:25:37.177"></status>
</kw>
<kw name="Wait Until Element Is Visible" library="SeleniumLibrary">
<doc>Waits until the element ``locator`` is visible.</doc>
<arguments>
<arg>${SPAN_VALIDACOES_DE_HOST_N/A}</arg>
</arguments>
<status status="PASS" starttime="20200427 23:25:37.178" endtime="20200427 23:25:37.276"></status>
</kw>
<kw name="Click Element" library="SeleniumLibrary">
<doc>Click the element identified by ``locator``.</doc>
<arguments>
<arg>${SPAN_VALIDACOES_DE_HOST_N/A}</arg>
</arguments>
<msg timestamp="20200427 23:25:37.276" level="INFO">Clicking element '//span[contains(text(),'N/A')]'.</msg>
<status status="PASS" starttime="20200427 23:25:37.276" endtime="20200427 23:25:37.376"></status>
</kw>
<kw name="Wait Until Element Is Visible" library="SeleniumLibrary">
<doc>Waits until the element ``locator`` is visible.</doc>
<arguments>
<arg>${INPUT_VALIDACOES_DE_USUARIO_VALOR_ESPERADO}</arg>
</arguments>
<status status="PASS" starttime="20200427 23:25:37.377" endtime="20200427 23:25:37.413"></status>
</kw>
<kw name="Input Text" library="SeleniumLibrary">
<doc>Types the given ``text`` into the text field identified by ``locator``.</doc>
<arguments>
<arg>${INPUT_VALIDACOES_DE_USUARIO_VALOR_ESPERADO}</arg>
<arg>Yes</arg>
</arguments>
<msg timestamp="20200427 23:25:37.414" level="INFO">Typing text 'Yes' into text field '//span[contains(text(),'N/A')]//..//..//..//input[@ng-model='newInputValue']'.</msg>
<status status="PASS" starttime="20200427 23:25:37.413" endtime="20200427 23:25:37.704"></status>
</kw>
<kw name="Click Element" library="SeleniumLibrary">
<doc>Click the element identified by ``locator``.</doc>
<arguments>
<arg>${SPAN_VALIDACOES_DE_USUARIO_ADICIONAR}</arg>
</arguments>
<msg timestamp="20200427 23:25:37.705" level="INFO">Clicking element '//span[contains(text(),'N/A')]//..//..//..//span[@class='input-group-btn']'.</msg>
<status status="PASS" starttime="20200427 23:25:37.704" endtime="20200427 23:25:37.825"></status>
</kw>
<kw name="Input Text" library="SeleniumLibrary">
<doc>Types the given ``text`` into the text field identified by ``locator``.</doc>
<arguments>
<arg>${INPUT_VALIDACOES_DE_USUARIO_VALOR_ESPERADO}</arg>
<arg>No</arg>
</arguments>
<msg timestamp="20200427 23:25:37.826" level="INFO">Typing text 'No' into text field '//span[contains(text(),'N/A')]//..//..//..//input[@ng-model='newInputValue']'.</msg>
<status status="PASS" starttime="20200427 23:25:37.826" endtime="20200427 23:25:38.082"></status>
</kw>
<kw name="Click Element" library="SeleniumLibrary">
<doc>Click the element identified by ``locator``.</doc>
<arguments>
<arg>${SPAN_VALIDACOES_DE_USUARIO_ADICIONAR}</arg>
</arguments>
<msg timestamp="20200427 23:25:38.083" level="INFO">Clicking element '//span[contains(text(),'N/A')]//..//..//..//span[@class='input-group-btn']'.</msg>
<status status="PASS" starttime="20200427 23:25:38.083" endtime="20200427 23:25:38.174"></status>
</kw>
<kw name="Select From List By Label" library="SeleniumLibrary">
<doc>Selects options from selection list ``locator`` by ``labels``.</doc>
<arguments>
<arg>${SELECT_VALIDACOES_DE_USUARIO_PASS}</arg>
<arg>Pass</arg>
</arguments>
<msg timestamp="20200427 23:25:38.175" level="INFO">Selecting options from selection list '//span[contains(text(),'N/A')]//..//..//..//select[@ng-model='uv.passLevel']' by label Pass.</msg>
<status status="PASS" starttime="20200427 23:25:38.174" endtime="20200427 23:25:38.413"></status>
</kw>
<kw name="Select From List By Label" library="SeleniumLibrary">
<doc>Selects options from selection list ``locator`` by ``labels``.</doc>
<arguments>
<arg>${SELECT_VALIDACOES_DE_USUARIO_FAIL}</arg>
<arg>Fail</arg>
</arguments>
<msg timestamp="20200427 23:25:38.413" level="INFO">Selecting options from selection list '//span[contains(text(),'N/A')]//..//..//..//select[@ng-model='uv.failLevel']' by label Fail.</msg>
<status status="PASS" starttime="20200427 23:25:38.413" endtime="20200427 23:25:38.564"></status>
</kw>
<kw name="Select From List By Label" library="SeleniumLibrary">
<doc>Selects options from selection list ``locator`` by ``labels``.</doc>
<arguments>
<arg>${SELECT_VALIDACOES_DE_USUARIO_VALOR_ESPERADO}</arg>
<arg>${valor_esperado}</arg>
</arguments>
<msg timestamp="20200427 23:25:38.565" level="INFO">Selecting options from selection list '//span[contains(text(),'N/A')]//..//..//..//select[@ng-model='uv.encodedExpectedValue']' by label Yes.</msg>
<status status="PASS" starttime="20200427 23:25:38.564" endtime="20200427 23:25:38.717"></status>
</kw>
<kw name="Input Text" library="SeleniumLibrary">
<doc>Types the given ``text`` into the text field identified by ``locator``.</doc>
<arguments>
<arg>${TEXTAREA_VALIDACOES_DE_USUARIO_DESCRICAO}</arg>
<arg>${descricao}</arg>
</arguments>
<msg timestamp="20200427 23:25:38.717" level="INFO">Typing text 'Terminal não exibe Application Label - OU - exibe AMERICAN EXPRESS na tela' into text field '//span[contains(text(),'N/A')]//..//..//..//textarea[@ng-model='uv.description']'.</msg>
<status status="PASS" starttime="20200427 23:25:38.717" endtime="20200427 23:25:41.001"></status>
</kw>
<kw name="Capture Page Screenshot" library="SeleniumLibrary">
<doc>Takes a screenshot of the current page and embeds it into a log file.</doc>
<msg timestamp="20200427 23:25:41.683" level="INFO" html="yes">&lt;/td&gt;&lt;/tr&gt;&lt;tr&gt;&lt;td colspan="3"&gt;&lt;a href="selenium-screenshot-3281.png"&gt;&lt;img src="selenium-screenshot-3281.png" width="800px"&gt;&lt;/a&gt;</msg>
<status status="PASS" starttime="20200427 23:25:41.002" endtime="20200427 23:25:41.683"></status>
</kw>
<kw name="Sleep" library="BuiltIn">
<doc>Pauses the test executed for the given time.</doc>
<arguments>
<arg>5</arg>
</arguments>
<msg timestamp="20200427 23:25:46.685" level="INFO">Slept 5 seconds</msg>
<status status="PASS" starttime="20200427 23:25:41.683" endtime="20200427 23:25:46.686"></status>
</kw>
<status status="PASS" starttime="20200427 23:25:34.501" endtime="20200427 23:25:46.687"></status>
</kw>
<kw name="Então a seção é salva e o cadastro do campo validações de Usuário é encerrado" library="setup_hz">
<kw name="Wait Until Element Is Enabled" library="SeleniumLibrary">
<doc>Waits until the element ``locator`` is enabled.</doc>
<arguments>
<arg>${BUTTON_OK_VALIDACOES_DE_USUARIO}</arg>
</arguments>
<status status="PASS" starttime="20200427 23:25:46.689" endtime="20200427 23:25:46.792"></status>
</kw>
<kw name="Click Element" library="SeleniumLibrary">
<doc>Click the element identified by ``locator``.</doc>
<arguments>
<arg>${BUTTON_OK_VALIDACOES_DE_USUARIO}</arg>
</arguments>
<msg timestamp="20200427 23:25:46.793" level="INFO">Clicking element '//div[@id='editTcUservalidations']//button[@type='button'][contains(text(),'OK')]'.</msg>
<status status="PASS" starttime="20200427 23:25:46.792" endtime="20200427 23:25:47.030"></status>
</kw>
<kw name="Capture Page Screenshot" library="SeleniumLibrary">
<doc>Takes a screenshot of the current page and embeds it into a log file.</doc>
<msg timestamp="20200427 23:25:47.824" level="INFO" html="yes">&lt;/td&gt;&lt;/tr&gt;&lt;tr&gt;&lt;td colspan="3"&gt;&lt;a href="selenium-screenshot-3282.png"&gt;&lt;img src="selenium-screenshot-3282.png" width="800px"&gt;&lt;/a&gt;</msg>
<status status="PASS" starttime="20200427 23:25:47.031" endtime="20200427 23:25:47.824"></status>
</kw>
<kw name="Sleep" library="BuiltIn">
<doc>Pauses the test executed for the given time.</doc>
<arguments>
<arg>2</arg>
</arguments>
<msg timestamp="20200427 23:25:49.827" level="INFO">Slept 2 seconds</msg>
<status status="PASS" starttime="20200427 23:25:47.825" endtime="20200427 23:25:49.828"></status>
</kw>
<kw name="Set Focus To Element" library="SeleniumLibrary">
<doc>Sets the focus to the element identified by ``locator``.</doc>
<arguments>
<arg>${A_PAGINA_INICIAL}</arg>
</arguments>
<status status="PASS" starttime="20200427 23:25:49.829" endtime="20200427 23:25:49.949"></status>
</kw>
<kw name="Sleep" library="BuiltIn">
<doc>Pauses the test executed for the given time.</doc>
<arguments>
<arg>2</arg>
</arguments>
<msg timestamp="20200427 23:25:51.951" level="INFO">Slept 2 seconds</msg>
<status status="PASS" starttime="20200427 23:25:49.949" endtime="20200427 23:25:51.951"></status>
</kw>
<kw name="Wait Until Element Is Enabled" library="SeleniumLibrary">
<doc>Waits until the element ``locator`` is enabled.</doc>
<arguments>
<arg>${BUTTON_SALVAR_DROPDOWN}</arg>
<arg>20</arg>
</arguments>
<status status="PASS" starttime="20200427 23:25:51.953" endtime="20200427 23:25:52.046"></status>
</kw>
<kw name="Click Element" library="SeleniumLibrary">
<doc>Click the element identified by ``locator``.</doc>
<arguments>
<arg>${BUTTON_SALVAR_DROPDOWN}</arg>
</arguments>
<msg timestamp="20200427 23:25:52.047" level="INFO">Clicking element '//button[@class='btn btn-link dropdown-toggle']'.</msg>
<status status="PASS" starttime="20200427 23:25:52.047" endtime="20200427 23:25:52.203"></status>
</kw>
<kw name="Wait Until Element Is Visible" library="SeleniumLibrary">
<doc>Waits until the element ``locator`` is visible.</doc>
<arguments>
<arg>${LINKTEXT_CRIAR_NOVA_VERSAO}</arg>
<arg>5</arg>
</arguments>
<status status="PASS" starttime="20200427 23:25:52.203" endtime="20200427 23:25:52.803"></status>
</kw>
<kw name="Click Link" library="SeleniumLibrary">
<doc>Clicks a link identified by ``locator``.</doc>
<arguments>
<arg>${LINKTEXT_CRIAR_NOVA_VERSAO}</arg>
</arguments>
<msg timestamp="20200427 23:25:52.804" level="INFO">Clicking link 'link:Criar nova versão'.</msg>
<status status="PASS" starttime="20200427 23:25:52.803" endtime="20200427 23:25:53.257"></status>
</kw>
<kw name="Sleep" library="BuiltIn">
<doc>Pauses the test executed for the given time.</doc>
<arguments>
<arg>10</arg>
</arguments>
<msg timestamp="20200427 23:26:03.259" level="INFO">Slept 10 seconds</msg>
<status status="PASS" starttime="20200427 23:25:53.257" endtime="20200427 23:26:03.259"></status>
</kw>
<status status="PASS" starttime="20200427 23:25:46.688" endtime="20200427 23:26:03.260"></status>
</kw>
<status status="PASS" starttime="20200427 23:25:25.346" endtime="20200427 23:26:03.261"></status>
</kw>
<kw name="Cadastro do campo VALIDAÇÕES DE USUÁRIO sem applicabilities">
<arguments>
<arg>AMEX CHIP - AXP EMV 006</arg>
<arg>Venda</arg>
<arg>Yes</arg>
<arg>Transação é aprovada online</arg>
</arguments>
<kw name="Dado que acesso o caso de teste &quot;${caso_de_teste}&quot; e clico no botão de editar Validações de Usuário" library="setup_hz">
<kw name="Go To" library="SeleniumLibrary">
<doc>Navigates the current browser window to the provided ``url``.</doc>
<arguments>
<arg>about:blank</arg>
</arguments>
<msg timestamp="20200427 23:26:03.268" level="INFO">Opening url 'about:blank'</msg>
<status status="PASS" starttime="20200427 23:26:03.268" endtime="20200427 23:26:03.417"></status>
</kw>
<kw name="Go To" library="SeleniumLibrary">
<doc>Navigates the current browser window to the provided ``url``.</doc>
<arguments>
<arg>${BASE_URL}#!/${caso_de_teste}</arg>
</arguments>
<msg timestamp="20200427 23:26:03.419" level="INFO">Opening url 'https://rede.selftestplatform.com/tcm/testplan.htm?testplanid=1259#!/AMEX CHIP - AXP EMV 006'</msg>
<status status="PASS" starttime="20200427 23:26:03.418" endtime="20200427 23:26:04.276"></status>
</kw>
<kw name="Sleep" library="BuiltIn">
<doc>Pauses the test executed for the given time.</doc>
<arguments>
<arg>2</arg>
</arguments>
<msg timestamp="20200427 23:26:06.310" level="INFO">Slept 2 seconds</msg>
<status status="PASS" starttime="20200427 23:26:04.276" endtime="20200427 23:26:06.311"></status>
</kw>
<kw name="Wait Until Element Is Visible" library="SeleniumLibrary">
<doc>Waits until the element ``locator`` is visible.</doc>
<arguments>
<arg>${SPAN_ESCRITO_VALIDACOES_DE_USUARIO}</arg>
<arg>20</arg>
</arguments>
<status status="PASS" starttime="20200427 23:26:06.311" endtime="20200427 23:26:10.901"></status>
</kw>
<kw name="Set Focus To Element" library="SeleniumLibrary">
<doc>Sets the focus to the element identified by ``locator``.</doc>
<arguments>
<arg>${SPAN_ESCRITO_VALIDACOES_DE_USUARIO}</arg>
</arguments>
<status status="PASS" starttime="20200427 23:26:10.901" endtime="20200427 23:26:10.944"></status>
</kw>
<kw name="Sleep" library="BuiltIn">
<doc>Pauses the test executed for the given time.</doc>
<arguments>
<arg>2</arg>
</arguments>
<msg timestamp="20200427 23:26:12.946" level="INFO">Slept 2 seconds</msg>
<status status="PASS" starttime="20200427 23:26:10.944" endtime="20200427 23:26:12.946"></status>
</kw>
<kw name="Click Element" library="SeleniumLibrary">
<doc>Click the element identified by ``locator``.</doc>
<arguments>
<arg>${SPAN_ESCRITO_VALIDACOES_DE_USUARIO}</arg>
</arguments>
<msg timestamp="20200427 23:26:12.948" level="INFO">Clicking element '//crfo-panel[@title='Validações de usuário']//span[@class='glyphicon glyphicon-edit no-padding pull-right']'.</msg>
<status status="PASS" starttime="20200427 23:26:12.947" endtime="20200427 23:26:13.203"></status>
</kw>
<status status="PASS" starttime="20200427 23:26:03.266" endtime="20200427 23:26:13.204"></status>
</kw>
<kw name="Quando é preenchido o campo validações de Usuário &quot;${transacao}&quot;, o valor esperado ${valor_esperado} e com a descrição ${descricao}" library="setup_hz">
<kw name="Wait Until Element Is Visible" library="SeleniumLibrary">
<doc>Waits until the element ``locator`` is visible.</doc>
<arguments>
<arg>//div[@id='editTcUservalidations']//h4[@class='ng-binding'][contains(text(),'${transacao}')]/..//a[contains(text(),'Adicionar')]</arg>
</arguments>
<status status="PASS" starttime="20200427 23:26:13.205" endtime="20200427 23:26:13.471"></status>
</kw>
<kw name="Set Focus To Element" library="SeleniumLibrary">
<doc>Sets the focus to the element identified by ``locator``.</doc>
<arguments>
<arg>//div[@id='editTcUservalidations']//h4[@class='ng-binding'][contains(text(),'${transacao}')]/..//a[contains(text(),'Adicionar')]</arg>
</arguments>
<status status="PASS" starttime="20200427 23:26:13.472" endtime="20200427 23:26:13.544"></status>
</kw>
<kw name="Sleep" library="BuiltIn">
<doc>Pauses the test executed for the given time.</doc>
<arguments>
<arg>2</arg>
</arguments>
<msg timestamp="20200427 23:26:15.545" level="INFO">Slept 2 seconds</msg>
<status status="PASS" starttime="20200427 23:26:13.545" endtime="20200427 23:26:15.545"></status>
</kw>
<kw name="Click Element" library="SeleniumLibrary">
<doc>Click the element identified by ``locator``.</doc>
<arguments>
<arg>//div[@id='editTcUservalidations']//h4[@class='ng-binding'][contains(text(),'${transacao}')]/..//a[contains(text(),'Adicionar')]</arg>
</arguments>
<msg timestamp="20200427 23:26:15.546" level="INFO">Clicking element '//div[@id='editTcUservalidations']//h4[@class='ng-binding'][contains(text(),'Venda')]/..//a[contains(text(),'Adicionar')]'.</msg>
<status status="PASS" starttime="20200427 23:26:15.545" endtime="20200427 23:26:15.672"></status>
</kw>
<kw name="Wait Until Element Is Visible" library="SeleniumLibrary">
<doc>Waits until the element ``locator`` is visible.</doc>
<arguments>
<arg>${SPAN_VALIDACOES_DE_HOST_N/A}</arg>
</arguments>
<status status="PASS" starttime="20200427 23:26:15.672" endtime="20200427 23:26:15.733"></status>
</kw>
<kw name="Click Element" library="SeleniumLibrary">
<doc>Click the element identified by ``locator``.</doc>
<arguments>
<arg>${SPAN_VALIDACOES_DE_HOST_N/A}</arg>
</arguments>
<msg timestamp="20200427 23:26:15.734" level="INFO">Clicking element '//span[contains(text(),'N/A')]'.</msg>
<status status="PASS" starttime="20200427 23:26:15.733" endtime="20200427 23:26:15.799"></status>
</kw>
<kw name="Wait Until Element Is Visible" library="SeleniumLibrary">
<doc>Waits until the element ``locator`` is visible.</doc>
<arguments>
<arg>${INPUT_VALIDACOES_DE_USUARIO_VALOR_ESPERADO}</arg>
</arguments>
<status status="PASS" starttime="20200427 23:26:15.799" endtime="20200427 23:26:16.056"></status>
</kw>
<kw name="Input Text" library="SeleniumLibrary">
<doc>Types the given ``text`` into the text field identified by ``locator``.</doc>
<arguments>
<arg>${INPUT_VALIDACOES_DE_USUARIO_VALOR_ESPERADO}</arg>
<arg>Yes</arg>
</arguments>
<msg timestamp="20200427 23:26:16.056" level="INFO">Typing text 'Yes' into text field '//span[contains(text(),'N/A')]//..//..//..//input[@ng-model='newInputValue']'.</msg>
<status status="PASS" starttime="20200427 23:26:16.056" endtime="20200427 23:26:16.239"></status>
</kw>
<kw name="Click Element" library="SeleniumLibrary">
<doc>Click the element identified by ``locator``.</doc>
<arguments>
<arg>${SPAN_VALIDACOES_DE_USUARIO_ADICIONAR}</arg>
</arguments>
<msg timestamp="20200427 23:26:16.240" level="INFO">Clicking element '//span[contains(text(),'N/A')]//..//..//..//span[@class='input-group-btn']'.</msg>
<status status="PASS" starttime="20200427 23:26:16.240" endtime="20200427 23:26:16.421"></status>
</kw>
<kw name="Input Text" library="SeleniumLibrary">
<doc>Types the given ``text`` into the text field identified by ``locator``.</doc>
<arguments>
<arg>${INPUT_VALIDACOES_DE_USUARIO_VALOR_ESPERADO}</arg>
<arg>No</arg>
</arguments>
<msg timestamp="20200427 23:26:16.422" level="INFO">Typing text 'No' into text field '//span[contains(text(),'N/A')]//..//..//..//input[@ng-model='newInputValue']'.</msg>
<status status="PASS" starttime="20200427 23:26:16.421" endtime="20200427 23:26:16.579"></status>
</kw>
<kw name="Click Element" library="SeleniumLibrary">
<doc>Click the element identified by ``locator``.</doc>
<arguments>
<arg>${SPAN_VALIDACOES_DE_USUARIO_ADICIONAR}</arg>
</arguments>
<msg timestamp="20200427 23:26:16.580" level="INFO">Clicking element '//span[contains(text(),'N/A')]//..//..//..//span[@class='input-group-btn']'.</msg>
<status status="PASS" starttime="20200427 23:26:16.580" endtime="20200427 23:26:16.735"></status>
</kw>
<kw name="Select From List By Label" library="SeleniumLibrary">
<doc>Selects options from selection list ``locator`` by ``labels``.</doc>
<arguments>
<arg>${SELECT_VALIDACOES_DE_USUARIO_PASS}</arg>
<arg>Pass</arg>
</arguments>
<msg timestamp="20200427 23:26:16.736" level="INFO">Selecting options from selection list '//span[contains(text(),'N/A')]//..//..//..//select[@ng-model='uv.passLevel']' by label Pass.</msg>
<status status="PASS" starttime="20200427 23:26:16.735" endtime="20200427 23:26:17.020"></status>
</kw>
<kw name="Select From List By Label" library="SeleniumLibrary">
<doc>Selects options from selection list ``locator`` by ``labels``.</doc>
<arguments>
<arg>${SELECT_VALIDACOES_DE_USUARIO_FAIL}</arg>
<arg>Fail</arg>
</arguments>
<msg timestamp="20200427 23:26:17.021" level="INFO">Selecting options from selection list '//span[contains(text(),'N/A')]//..//..//..//select[@ng-model='uv.failLevel']' by label Fail.</msg>
<status status="PASS" starttime="20200427 23:26:17.020" endtime="20200427 23:26:17.345"></status>
</kw>
<kw name="Select From List By Label" library="SeleniumLibrary">
<doc>Selects options from selection list ``locator`` by ``labels``.</doc>
<arguments>
<arg>${SELECT_VALIDACOES_DE_USUARIO_VALOR_ESPERADO}</arg>
<arg>${valor_esperado}</arg>
</arguments>
<msg timestamp="20200427 23:26:17.346" level="INFO">Selecting options from selection list '//span[contains(text(),'N/A')]//..//..//..//select[@ng-model='uv.encodedExpectedValue']' by label Yes.</msg>
<status status="PASS" starttime="20200427 23:26:17.346" endtime="20200427 23:26:17.556"></status>
</kw>
<kw name="Input Text" library="SeleniumLibrary">
<doc>Types the given ``text`` into the text field identified by ``locator``.</doc>
<arguments>
<arg>${TEXTAREA_VALIDACOES_DE_USUARIO_DESCRICAO}</arg>
<arg>${descricao}</arg>
</arguments>
<msg timestamp="20200427 23:26:17.556" level="INFO">Typing text 'Transação é aprovada online' into text field '//span[contains(text(),'N/A')]//..//..//..//textarea[@ng-model='uv.description']'.</msg>
<status status="PASS" starttime="20200427 23:26:17.556" endtime="20200427 23:26:18.348"></status>
</kw>
<kw name="Capture Page Screenshot" library="SeleniumLibrary">
<doc>Takes a screenshot of the current page and embeds it into a log file.</doc>
<msg timestamp="20200427 23:26:19.139" level="INFO" html="yes">&lt;/td&gt;&lt;/tr&gt;&lt;tr&gt;&lt;td colspan="3"&gt;&lt;a href="selenium-screenshot-3283.png"&gt;&lt;img src="selenium-screenshot-3283.png" width="800px"&gt;&lt;/a&gt;</msg>
<status status="PASS" starttime="20200427 23:26:18.348" endtime="20200427 23:26:19.139"></status>
</kw>
<kw name="Sleep" library="BuiltIn">
<doc>Pauses the test executed for the given time.</doc>
<arguments>
<arg>5</arg>
</arguments>
<msg timestamp="20200427 23:26:24.140" level="INFO">Slept 5 seconds</msg>
<status status="PASS" starttime="20200427 23:26:19.139" endtime="20200427 23:26:24.141"></status>
</kw>
<status status="PASS" starttime="20200427 23:26:13.204" endtime="20200427 23:26:24.141"></status>
</kw>
<kw name="Então a seção é salva e o cadastro do campo validações de Usuário é encerrado" library="setup_hz">
<kw name="Wait Until Element Is Enabled" library="SeleniumLibrary">
<doc>Waits until the element ``locator`` is enabled.</doc>
<arguments>
<arg>${BUTTON_OK_VALIDACOES_DE_USUARIO}</arg>
</arguments>
<status status="PASS" starttime="20200427 23:26:24.143" endtime="20200427 23:26:24.239"></status>
</kw>
<kw name="Click Element" library="SeleniumLibrary">
<doc>Click the element identified by ``locator``.</doc>
<arguments>
<arg>${BUTTON_OK_VALIDACOES_DE_USUARIO}</arg>
</arguments>
<msg timestamp="20200427 23:26:24.240" level="INFO">Clicking element '//div[@id='editTcUservalidations']//button[@type='button'][contains(text(),'OK')]'.</msg>
<status status="PASS" starttime="20200427 23:26:24.239" endtime="20200427 23:26:24.451"></status>
</kw>
<kw name="Capture Page Screenshot" library="SeleniumLibrary">
<doc>Takes a screenshot of the current page and embeds it into a log file.</doc>
<msg timestamp="20200427 23:26:25.403" level="INFO" html="yes">&lt;/td&gt;&lt;/tr&gt;&lt;tr&gt;&lt;td colspan="3"&gt;&lt;a href="selenium-screenshot-3284.png"&gt;&lt;img src="selenium-screenshot-3284.png" width="800px"&gt;&lt;/a&gt;</msg>
<status status="PASS" starttime="20200427 23:26:24.451" endtime="20200427 23:26:25.403"></status>
</kw>
<kw name="Sleep" library="BuiltIn">
<doc>Pauses the test executed for the given time.</doc>
<arguments>
<arg>2</arg>
</arguments>
<msg timestamp="20200427 23:26:27.405" level="INFO">Slept 2 seconds</msg>
<status status="PASS" starttime="20200427 23:26:25.403" endtime="20200427 23:26:27.405"></status>
</kw>
<kw name="Set Focus To Element" library="SeleniumLibrary">
<doc>Sets the focus to the element identified by ``locator``.</doc>
<arguments>
<arg>${A_PAGINA_INICIAL}</arg>
</arguments>
<status status="PASS" starttime="20200427 23:26:27.406" endtime="20200427 23:26:27.481"></status>
</kw>
<kw name="Sleep" library="BuiltIn">
<doc>Pauses the test executed for the given time.</doc>
<arguments>
<arg>2</arg>
</arguments>
<msg timestamp="20200427 23:26:29.484" level="INFO">Slept 2 seconds</msg>
<status status="PASS" starttime="20200427 23:26:27.481" endtime="20200427 23:26:29.485"></status>
</kw>
<kw name="Wait Until Element Is Enabled" library="SeleniumLibrary">
<doc>Waits until the element ``locator`` is enabled.</doc>
<arguments>
<arg>${BUTTON_SALVAR_DROPDOWN}</arg>
<arg>20</arg>
</arguments>
<status status="PASS" starttime="20200427 23:26:29.485" endtime="20200427 23:26:29.585"></status>
</kw>
<kw name="Click Element" library="SeleniumLibrary">
<doc>Click the element identified by ``locator``.</doc>
<arguments>
<arg>${BUTTON_SALVAR_DROPDOWN}</arg>
</arguments>
<msg timestamp="20200427 23:26:29.587" level="INFO">Clicking element '//button[@class='btn btn-link dropdown-toggle']'.</msg>
<status status="PASS" starttime="20200427 23:26:29.586" endtime="20200427 23:26:29.814"></status>
</kw>
<kw name="Wait Until Element Is Visible" library="SeleniumLibrary">
<doc>Waits until the element ``locator`` is visible.</doc>
<arguments>
<arg>${LINKTEXT_CRIAR_NOVA_VERSAO}</arg>
<arg>5</arg>
</arguments>
<status status="PASS" starttime="20200427 23:26:29.814" endtime="20200427 23:26:30.422"></status>
</kw>
<kw name="Click Link" library="SeleniumLibrary">
<doc>Clicks a link identified by ``locator``.</doc>
<arguments>
<arg>${LINKTEXT_CRIAR_NOVA_VERSAO}</arg>
</arguments>
<msg timestamp="20200427 23:26:30.422" level="INFO">Clicking link 'link:Criar nova versão'.</msg>
<status status="PASS" starttime="20200427 23:26:30.422" endtime="20200427 23:26:31.040"></status>
</kw>
<kw name="Sleep" library="BuiltIn">
<doc>Pauses the test executed for the given time.</doc>
<arguments>
<arg>10</arg>
</arguments>
<msg timestamp="20200427 23:26:41.041" level="INFO">Slept 10 seconds</msg>
<status status="PASS" starttime="20200427 23:26:31.040" endtime="20200427 23:26:41.041"></status>
</kw>
<status status="PASS" starttime="20200427 23:26:24.142" endtime="20200427 23:26:41.042"></status>
</kw>
<status status="PASS" starttime="20200427 23:26:03.263" endtime="20200427 23:26:41.043"></status>
</kw>
<kw name="Cadastro do campo VALIDAÇÕES DE USUÁRIO sem applicabilities">
<arguments>
<arg>AMEX CHIP - AXP EMV 008</arg>
<arg>Venda</arg>
<arg>Yes</arg>
<arg>Transação prossegue quando a senha é ignorada (PIN Bypass)</arg>
</arguments>
<kw name="Dado que acesso o caso de teste &quot;${caso_de_teste}&quot; e clico no botão de editar Validações de Usuário" library="setup_hz">
<kw name="Go To" library="SeleniumLibrary">
<doc>Navigates the current browser window to the provided ``url``.</doc>
<arguments>
<arg>about:blank</arg>
</arguments>
<msg timestamp="20200427 23:26:41.051" level="INFO">Opening url 'about:blank'</msg>
<status status="PASS" starttime="20200427 23:26:41.050" endtime="20200427 23:26:41.168"></status>
</kw>
<kw name="Go To" library="SeleniumLibrary">
<doc>Navigates the current browser window to the provided ``url``.</doc>
<arguments>
<arg>${BASE_URL}#!/${caso_de_teste}</arg>
</arguments>
<msg timestamp="20200427 23:26:41.169" level="INFO">Opening url 'https://rede.selftestplatform.com/tcm/testplan.htm?testplanid=1259#!/AMEX CHIP - AXP EMV 008'</msg>
<status status="PASS" starttime="20200427 23:26:41.168" endtime="20200427 23:26:41.938"></status>
</kw>
<kw name="Sleep" library="BuiltIn">
<doc>Pauses the test executed for the given time.</doc>
<arguments>
<arg>2</arg>
</arguments>
<msg timestamp="20200427 23:26:43.939" level="INFO">Slept 2 seconds</msg>
<status status="PASS" starttime="20200427 23:26:41.938" endtime="20200427 23:26:43.939"></status>
</kw>
<kw name="Wait Until Element Is Visible" library="SeleniumLibrary">
<doc>Waits until the element ``locator`` is visible.</doc>
<arguments>
<arg>${SPAN_ESCRITO_VALIDACOES_DE_USUARIO}</arg>
<arg>20</arg>
</arguments>
<status status="PASS" starttime="20200427 23:26:43.940" endtime="20200427 23:26:48.790"></status>
</kw>
<kw name="Set Focus To Element" library="SeleniumLibrary">
<doc>Sets the focus to the element identified by ``locator``.</doc>
<arguments>
<arg>${SPAN_ESCRITO_VALIDACOES_DE_USUARIO}</arg>
</arguments>
<status status="PASS" starttime="20200427 23:26:48.791" endtime="20200427 23:26:48.808"></status>
</kw>
<kw name="Sleep" library="BuiltIn">
<doc>Pauses the test executed for the given time.</doc>
<arguments>
<arg>2</arg>
</arguments>
<msg timestamp="20200427 23:26:50.809" level="INFO">Slept 2 seconds</msg>
<status status="PASS" starttime="20200427 23:26:48.808" endtime="20200427 23:26:50.809"></status>
</kw>
<kw name="Click Element" library="SeleniumLibrary">
<doc>Click the element identified by ``locator``.</doc>
<arguments>
<arg>${SPAN_ESCRITO_VALIDACOES_DE_USUARIO}</arg>
</arguments>
<msg timestamp="20200427 23:26:50.810" level="INFO">Clicking element '//crfo-panel[@title='Validações de usuário']//span[@class='glyphicon glyphicon-edit no-padding pull-right']'.</msg>
<status status="PASS" starttime="20200427 23:26:50.810" endtime="20200427 23:26:51.053"></status>
</kw>
<status status="PASS" starttime="20200427 23:26:41.049" endtime="20200427 23:26:51.054"></status>
</kw>
<kw name="Quando é preenchido o campo validações de Usuário &quot;${transacao}&quot;, o valor esperado ${valor_esperado} e com a descrição ${descricao}" library="setup_hz">
<kw name="Wait Until Element Is Visible" library="SeleniumLibrary">
<doc>Waits until the element ``locator`` is visible.</doc>
<arguments>
<arg>//div[@id='editTcUservalidations']//h4[@class='ng-binding'][contains(text(),'${transacao}')]/..//a[contains(text(),'Adicionar')]</arg>
</arguments>
<status status="PASS" starttime="20200427 23:26:51.056" endtime="20200427 23:26:51.352"></status>
</kw>
<kw name="Set Focus To Element" library="SeleniumLibrary">
<doc>Sets the focus to the element identified by ``locator``.</doc>
<arguments>
<arg>//div[@id='editTcUservalidations']//h4[@class='ng-binding'][contains(text(),'${transacao}')]/..//a[contains(text(),'Adicionar')]</arg>
</arguments>
<status status="PASS" starttime="20200427 23:26:51.352" endtime="20200427 23:26:51.394"></status>
</kw>
<kw name="Sleep" library="BuiltIn">
<doc>Pauses the test executed for the given time.</doc>
<arguments>
<arg>2</arg>
</arguments>
<msg timestamp="20200427 23:26:53.395" level="INFO">Slept 2 seconds</msg>
<status status="PASS" starttime="20200427 23:26:51.395" endtime="20200427 23:26:53.395"></status>
</kw>
<kw name="Click Element" library="SeleniumLibrary">
<doc>Click the element identified by ``locator``.</doc>
<arguments>
<arg>//div[@id='editTcUservalidations']//h4[@class='ng-binding'][contains(text(),'${transacao}')]/..//a[contains(text(),'Adicionar')]</arg>
</arguments>
<msg timestamp="20200427 23:26:53.397" level="INFO">Clicking element '//div[@id='editTcUservalidations']//h4[@class='ng-binding'][contains(text(),'Venda')]/..//a[contains(text(),'Adicionar')]'.</msg>
<status status="PASS" starttime="20200427 23:26:53.396" endtime="20200427 23:26:53.632"></status>
</kw>
<kw name="Wait Until Element Is Visible" library="SeleniumLibrary">
<doc>Waits until the element ``locator`` is visible.</doc>
<arguments>
<arg>${SPAN_VALIDACOES_DE_HOST_N/A}</arg>
</arguments>
<status status="PASS" starttime="20200427 23:26:53.632" endtime="20200427 23:26:53.771"></status>
</kw>
<kw name="Click Element" library="SeleniumLibrary">
<doc>Click the element identified by ``locator``.</doc>
<arguments>
<arg>${SPAN_VALIDACOES_DE_HOST_N/A}</arg>
</arguments>
<msg timestamp="20200427 23:26:53.772" level="INFO">Clicking element '//span[contains(text(),'N/A')]'.</msg>
<status status="PASS" starttime="20200427 23:26:53.772" endtime="20200427 23:26:54.021"></status>
</kw>
<kw name="Wait Until Element Is Visible" library="SeleniumLibrary">
<doc>Waits until the element ``locator`` is visible.</doc>
<arguments>
<arg>${INPUT_VALIDACOES_DE_USUARIO_VALOR_ESPERADO}</arg>
</arguments>
<status status="PASS" starttime="20200427 23:26:54.022" endtime="20200427 23:26:54.056"></status>
</kw>
<kw name="Input Text" library="SeleniumLibrary">
<doc>Types the given ``text`` into the text field identified by ``locator``.</doc>
<arguments>
<arg>${INPUT_VALIDACOES_DE_USUARIO_VALOR_ESPERADO}</arg>
<arg>Yes</arg>
</arguments>
<msg timestamp="20200427 23:26:54.056" level="INFO">Typing text 'Yes' into text field '//span[contains(text(),'N/A')]//..//..//..//input[@ng-model='newInputValue']'.</msg>
<status status="PASS" starttime="20200427 23:26:54.056" endtime="20200427 23:26:54.263"></status>
</kw>
<kw name="Click Element" library="SeleniumLibrary">
<doc>Click the element identified by ``locator``.</doc>
<arguments>
<arg>${SPAN_VALIDACOES_DE_USUARIO_ADICIONAR}</arg>
</arguments>
<msg timestamp="20200427 23:26:54.265" level="INFO">Clicking element '//span[contains(text(),'N/A')]//..//..//..//span[@class='input-group-btn']'.</msg>
<status status="PASS" starttime="20200427 23:26:54.264" endtime="20200427 23:26:54.529"></status>
</kw>
<kw name="Input Text" library="SeleniumLibrary">
<doc>Types the given ``text`` into the text field identified by ``locator``.</doc>
<arguments>
<arg>${INPUT_VALIDACOES_DE_USUARIO_VALOR_ESPERADO}</arg>
<arg>No</arg>
</arguments>
<msg timestamp="20200427 23:26:54.530" level="INFO">Typing text 'No' into text field '//span[contains(text(),'N/A')]//..//..//..//input[@ng-model='newInputValue']'.</msg>
<status status="PASS" starttime="20200427 23:26:54.530" endtime="20200427 23:26:54.676"></status>
</kw>
<kw name="Click Element" library="SeleniumLibrary">
<doc>Click the element identified by ``locator``.</doc>
<arguments>
<arg>${SPAN_VALIDACOES_DE_USUARIO_ADICIONAR}</arg>
</arguments>
<msg timestamp="20200427 23:26:54.676" level="INFO">Clicking element '//span[contains(text(),'N/A')]//..//..//..//span[@class='input-group-btn']'.</msg>
<status status="PASS" starttime="20200427 23:26:54.676" endtime="20200427 23:26:54.782"></status>
</kw>
<kw name="Select From List By Label" library="SeleniumLibrary">
<doc>Selects options from selection list ``locator`` by ``labels``.</doc>
<arguments>
<arg>${SELECT_VALIDACOES_DE_USUARIO_PASS}</arg>
<arg>Pass</arg>
</arguments>
<msg timestamp="20200427 23:26:54.783" level="INFO">Selecting options from selection list '//span[contains(text(),'N/A')]//..//..//..//select[@ng-model='uv.passLevel']' by label Pass.</msg>
<status status="PASS" starttime="20200427 23:26:54.783" endtime="20200427 23:26:54.912"></status>
</kw>
<kw name="Select From List By Label" library="SeleniumLibrary">
<doc>Selects options from selection list ``locator`` by ``labels``.</doc>
<arguments>
<arg>${SELECT_VALIDACOES_DE_USUARIO_FAIL}</arg>
<arg>Fail</arg>
</arguments>
<msg timestamp="20200427 23:26:54.913" level="INFO">Selecting options from selection list '//span[contains(text(),'N/A')]//..//..//..//select[@ng-model='uv.failLevel']' by label Fail.</msg>
<status status="PASS" starttime="20200427 23:26:54.913" endtime="20200427 23:26:55.226"></status>
</kw>
<kw name="Select From List By Label" library="SeleniumLibrary">
<doc>Selects options from selection list ``locator`` by ``labels``.</doc>
<arguments>
<arg>${SELECT_VALIDACOES_DE_USUARIO_VALOR_ESPERADO}</arg>
<arg>${valor_esperado}</arg>
</arguments>
<msg timestamp="20200427 23:26:55.226" level="INFO">Selecting options from selection list '//span[contains(text(),'N/A')]//..//..//..//select[@ng-model='uv.encodedExpectedValue']' by label Yes.</msg>
<status status="PASS" starttime="20200427 23:26:55.226" endtime="20200427 23:26:55.403"></status>
</kw>
<kw name="Input Text" library="SeleniumLibrary">
<doc>Types the given ``text`` into the text field identified by ``locator``.</doc>
<arguments>
<arg>${TEXTAREA_VALIDACOES_DE_USUARIO_DESCRICAO}</arg>
<arg>${descricao}</arg>
</arguments>
<msg timestamp="20200427 23:26:55.404" level="INFO">Typing text 'Transação prossegue quando a senha é ignorada (PIN Bypass)' into text field '//span[contains(text(),'N/A')]//..//..//..//textarea[@ng-model='uv.description']'.</msg>
<status status="PASS" starttime="20200427 23:26:55.403" endtime="20200427 23:26:57.292"></status>
</kw>
<kw name="Capture Page Screenshot" library="SeleniumLibrary">
<doc>Takes a screenshot of the current page and embeds it into a log file.</doc>
<msg timestamp="20200427 23:26:57.939" level="INFO" html="yes">&lt;/td&gt;&lt;/tr&gt;&lt;tr&gt;&lt;td colspan="3"&gt;&lt;a href="selenium-screenshot-3285.png"&gt;&lt;img src="selenium-screenshot-3285.png" width="800px"&gt;&lt;/a&gt;</msg>
<status status="PASS" starttime="20200427 23:26:57.293" endtime="20200427 23:26:57.939"></status>
</kw>
<kw name="Sleep" library="BuiltIn">
<doc>Pauses the test executed for the given time.</doc>
<arguments>
<arg>5</arg>
</arguments>
<msg timestamp="20200427 23:27:02.940" level="INFO">Slept 5 seconds</msg>
<status status="PASS" starttime="20200427 23:26:57.939" endtime="20200427 23:27:02.940"></status>
</kw>
<status status="PASS" starttime="20200427 23:26:51.054" endtime="20200427 23:27:02.941"></status>
</kw>
<kw name="Então a seção é salva e o cadastro do campo validações de Usuário é encerrado" library="setup_hz">
<kw name="Wait Until Element Is Enabled" library="SeleniumLibrary">
<doc>Waits until the element ``locator`` is enabled.</doc>
<arguments>
<arg>${BUTTON_OK_VALIDACOES_DE_USUARIO}</arg>
</arguments>
<status status="PASS" starttime="20200427 23:27:02.943" endtime="20200427 23:27:03.040"></status>
</kw>
<kw name="Click Element" library="SeleniumLibrary">
<doc>Click the element identified by ``locator``.</doc>
<arguments>
<arg>${BUTTON_OK_VALIDACOES_DE_USUARIO}</arg>
</arguments>
<msg timestamp="20200427 23:27:03.041" level="INFO">Clicking element '//div[@id='editTcUservalidations']//button[@type='button'][contains(text(),'OK')]'.</msg>
<status status="PASS" starttime="20200427 23:27:03.041" endtime="20200427 23:27:03.346"></status>
</kw>
<kw name="Capture Page Screenshot" library="SeleniumLibrary">
<doc>Takes a screenshot of the current page and embeds it into a log file.</doc>
<msg timestamp="20200427 23:27:03.993" level="INFO" html="yes">&lt;/td&gt;&lt;/tr&gt;&lt;tr&gt;&lt;td colspan="3"&gt;&lt;a href="selenium-screenshot-3286.png"&gt;&lt;img src="selenium-screenshot-3286.png" width="800px"&gt;&lt;/a&gt;</msg>
<status status="PASS" starttime="20200427 23:27:03.347" endtime="20200427 23:27:03.993"></status>
</kw>
<kw name="Sleep" library="BuiltIn">
<doc>Pauses the test executed for the given time.</doc>
<arguments>
<arg>2</arg>
</arguments>
<msg timestamp="20200427 23:27:05.994" level="INFO">Slept 2 seconds</msg>
<status status="PASS" starttime="20200427 23:27:03.993" endtime="20200427 23:27:05.995"></status>
</kw>
<kw name="Set Focus To Element" library="SeleniumLibrary">
<doc>Sets the focus to the element identified by ``locator``.</doc>
<arguments>
<arg>${A_PAGINA_INICIAL}</arg>
</arguments>
<status status="PASS" starttime="20200427 23:27:05.996" endtime="20200427 23:27:06.064"></status>
</kw>
<kw name="Sleep" library="BuiltIn">
<doc>Pauses the test executed for the given time.</doc>
<arguments>
<arg>2</arg>
</arguments>
<msg timestamp="20200427 23:27:08.066" level="INFO">Slept 2 seconds</msg>
<status status="PASS" starttime="20200427 23:27:06.065" endtime="20200427 23:27:08.066"></status>
</kw>
<kw name="Wait Until Element Is Enabled" library="SeleniumLibrary">
<doc>Waits until the element ``locator`` is enabled.</doc>
<arguments>
<arg>${BUTTON_SALVAR_DROPDOWN}</arg>
<arg>20</arg>
</arguments>
<status status="PASS" starttime="20200427 23:27:08.067" endtime="20200427 23:27:08.151"></status>
</kw>
<kw name="Click Element" library="SeleniumLibrary">
<doc>Click the element identified by ``locator``.</doc>
<arguments>
<arg>${BUTTON_SALVAR_DROPDOWN}</arg>
</arguments>
<msg timestamp="20200427 23:27:08.152" level="INFO">Clicking element '//button[@class='btn btn-link dropdown-toggle']'.</msg>
<status status="PASS" starttime="20200427 23:27:08.151" endtime="20200427 23:27:08.399"></status>
</kw>
<kw name="Wait Until Element Is Visible" library="SeleniumLibrary">
<doc>Waits until the element ``locator`` is visible.</doc>
<arguments>
<arg>${LINKTEXT_CRIAR_NOVA_VERSAO}</arg>
<arg>5</arg>
</arguments>
<status status="PASS" starttime="20200427 23:27:08.400" endtime="20200427 23:27:08.950"></status>
</kw>
<kw name="Click Link" library="SeleniumLibrary">
<doc>Clicks a link identified by ``locator``.</doc>
<arguments>
<arg>${LINKTEXT_CRIAR_NOVA_VERSAO}</arg>
[...]
</kw>
<kw name="Sleep" library="BuiltIn">
<doc>Pauses the test executed for the given time.</doc>
<arguments>
<arg>2</arg>
</arguments>
<msg timestamp="20200427 23:37:15.989" level="INFO">Slept 2 seconds</msg>
<status status="PASS" starttime="20200427 23:37:13.988" endtime="20200427 23:37:15.989"></status>
</kw>
<kw name="Set Focus To Element" library="SeleniumLibrary">
<doc>Sets the focus to the element identified by ``locator``.</doc>
<arguments>
<arg>${A_PAGINA_INICIAL}</arg>
</arguments>
<status status="PASS" starttime="20200427 23:37:15.990" endtime="20200427 23:37:16.064"></status>
</kw>
<kw name="Sleep" library="BuiltIn">
<doc>Pauses the test executed for the given time.</doc>
<arguments>
<arg>2</arg>
</arguments>
<msg timestamp="20200427 23:37:18.066" level="INFO">Slept 2 seconds</msg>
<status status="PASS" starttime="20200427 23:37:16.065" endtime="20200427 23:37:18.066"></status>
</kw>
<kw name="Wait Until Element Is Enabled" library="SeleniumLibrary">
<doc>Waits until the element ``locator`` is enabled.</doc>
<arguments>
<arg>${BUTTON_SALVAR_DROPDOWN}</arg>
<arg>20</arg>
</arguments>
<status status="PASS" starttime="20200427 23:37:18.067" endtime="20200427 23:37:18.174"></status>
</kw>
<kw name="Click Element" library="SeleniumLibrary">
<doc>Click the element identified by ``locator``.</doc>
<arguments>
<arg>${BUTTON_SALVAR_DROPDOWN}</arg>
</arguments>
<msg timestamp="20200427 23:37:18.175" level="INFO">Clicking element '//button[@class='btn btn-link dropdown-toggle']'.</msg>
<status status="PASS" starttime="20200427 23:37:18.175" endtime="20200427 23:37:18.376"></status>
</kw>
<kw name="Wait Until Element Is Visible" library="SeleniumLibrary">
<doc>Waits until the element ``locator`` is visible.</doc>
<arguments>
<arg>${LINKTEXT_CRIAR_NOVA_VERSAO}</arg>
<arg>5</arg>
</arguments>
<status status="PASS" starttime="20200427 23:37:18.377" endtime="20200427 23:37:19.158"></status>
</kw>
<kw name="Click Link" library="SeleniumLibrary">
<doc>Clicks a link identified by ``locator``.</doc>
<arguments>
<arg>${LINKTEXT_CRIAR_NOVA_VERSAO}</arg>
</arguments>
<msg timestamp="20200427 23:37:19.158" level="INFO">Clicking link 'link:Criar nova versão'.</msg>
<status status="PASS" starttime="20200427 23:37:19.158" endtime="20200427 23:37:19.768"></status>
</kw>
<kw name="Sleep" library="BuiltIn">
<doc>Pauses the test executed for the given time.</doc>
<arguments>
<arg>10</arg>
</arguments>
<msg timestamp="20200427 23:37:29.771" level="INFO">Slept 10 seconds</msg>
<status status="PASS" starttime="20200427 23:37:19.768" endtime="20200427 23:37:29.771"></status>
</kw>
<status status="PASS" starttime="20200427 23:37:12.824" endtime="20200427 23:37:29.772"></status>
</kw>
<status status="PASS" starttime="20200427 23:36:51.096" endtime="20200427 23:37:29.773"></status>
</kw>
<kw name="Cadastro do campo VALIDAÇÕES DE USUÁRIO sem applicabilities">
<arguments>
<arg>AMEX CTLS - AXP EP090</arg>
<arg>Venda</arg>
<arg>Yes</arg>
<arg>O terminal exibe a mensagem Apresente o cartão ou mensagem similar</arg>
</arguments>
<kw name="Dado que acesso o caso de teste &quot;${caso_de_teste}&quot; e clico no botão de editar Validações de Usuário" library="setup_hz">
<kw name="Go To" library="SeleniumLibrary">
<doc>Navigates the current browser window to the provided ``url``.</doc>
<arguments>
<arg>about:blank</arg>
</arguments>
<msg timestamp="20200427 23:37:29.781" level="INFO">Opening url 'about:blank'</msg>
<status status="PASS" starttime="20200427 23:37:29.781" endtime="20200427 23:37:29.923"></status>
</kw>
<kw name="Go To" library="SeleniumLibrary">
<doc>Navigates the current browser window to the provided ``url``.</doc>
<arguments>
<arg>${BASE_URL}#!/${caso_de_teste}</arg>
</arguments>
<msg timestamp="20200427 23:37:29.924" level="INFO">Opening url 'https://rede.selftestplatform.com/tcm/testplan.htm?testplanid=1259#!/AMEX CTLS - AXP EP090'</msg>
<status status="PASS" starttime="20200427 23:37:29.923" endtime="20200427 23:37:30.777"></status>
</kw>
<kw name="Sleep" library="BuiltIn">
<doc>Pauses the test executed for the given time.</doc>
<arguments>
<arg>2</arg>
</arguments>
<msg timestamp="20200427 23:37:32.780" level="INFO">Slept 2 seconds</msg>
<status status="PASS" starttime="20200427 23:37:30.778" endtime="20200427 23:37:32.781"></status>
</kw>
<kw name="Wait Until Element Is Visible" library="SeleniumLibrary">
<doc>Waits until the element ``locator`` is visible.</doc>
<arguments>
<arg>${SPAN_ESCRITO_VALIDACOES_DE_USUARIO}</arg>
<arg>20</arg>
</arguments>
<status status="PASS" starttime="20200427 23:37:32.781" endtime="20200427 23:37:36.870"></status>
</kw>
<kw name="Set Focus To Element" library="SeleniumLibrary">
<doc>Sets the focus to the element identified by ``locator``.</doc>
<arguments>
<arg>${SPAN_ESCRITO_VALIDACOES_DE_USUARIO}</arg>
</arguments>
<status status="PASS" starttime="20200427 23:37:36.871" endtime="20200427 23:37:37.239"></status>
</kw>
<kw name="Sleep" library="BuiltIn">
<doc>Pauses the test executed for the given time.</doc>
<arguments>
<arg>2</arg>
</arguments>
<msg timestamp="20200427 23:37:39.241" level="INFO">Slept 2 seconds</msg>
<status status="PASS" starttime="20200427 23:37:37.240" endtime="20200427 23:37:39.241"></status>
</kw>
<kw name="Click Element" library="SeleniumLibrary">
<doc>Click the element identified by ``locator``.</doc>
<arguments>
<arg>${SPAN_ESCRITO_VALIDACOES_DE_USUARIO}</arg>
</arguments>
<msg timestamp="20200427 23:37:39.243" level="INFO">Clicking element '//crfo-panel[@title='Validações de usuário']//span[@class='glyphicon glyphicon-edit no-padding pull-right']'.</msg>
<status status="PASS" starttime="20200427 23:37:39.242" endtime="20200427 23:37:39.619"></status>
</kw>
<status status="PASS" starttime="20200427 23:37:29.779" endtime="20200427 23:37:39.619"></status>
</kw>
<kw name="Quando é preenchido o campo validações de Usuário &quot;${transacao}&quot;, o valor esperado ${valor_esperado} e com a descrição ${descricao}" library="setup_hz">
<kw name="Wait Until Element Is Visible" library="SeleniumLibrary">
<doc>Waits until the element ``locator`` is visible.</doc>
<arguments>
<arg>//div[@id='editTcUservalidations']//h4[@class='ng-binding'][contains(text(),'${transacao}')]/..//a[contains(text(),'Adicionar')]</arg>
</arguments>
<status status="PASS" starttime="20200427 23:37:39.624" endtime="20200427 23:37:39.983"></status>
</kw>
<kw name="Set Focus To Element" library="SeleniumLibrary">
<doc>Sets the focus to the element identified by ``locator``.</doc>
<arguments>
<arg>//div[@id='editTcUservalidations']//h4[@class='ng-binding'][contains(text(),'${transacao}')]/..//a[contains(text(),'Adicionar')]</arg>
</arguments>
<status status="PASS" starttime="20200427 23:37:39.983" endtime="20200427 23:37:40.010"></status>
</kw>
<kw name="Sleep" library="BuiltIn">
<doc>Pauses the test executed for the given time.</doc>
<arguments>
<arg>2</arg>
</arguments>
<msg timestamp="20200427 23:37:42.011" level="INFO">Slept 2 seconds</msg>
<status status="PASS" starttime="20200427 23:37:40.010" endtime="20200427 23:37:42.012"></status>
</kw>
<kw name="Click Element" library="SeleniumLibrary">
<doc>Click the element identified by ``locator``.</doc>
<arguments>
<arg>//div[@id='editTcUservalidations']//h4[@class='ng-binding'][contains(text(),'${transacao}')]/..//a[contains(text(),'Adicionar')]</arg>
</arguments>
<msg timestamp="20200427 23:37:42.014" level="INFO">Clicking element '//div[@id='editTcUservalidations']//h4[@class='ng-binding'][contains(text(),'Venda')]/..//a[contains(text(),'Adicionar')]'.</msg>
<status status="PASS" starttime="20200427 23:37:42.013" endtime="20200427 23:37:42.447"></status>
</kw>
<kw name="Wait Until Element Is Visible" library="SeleniumLibrary">
<doc>Waits until the element ``locator`` is visible.</doc>
<arguments>
<arg>${SPAN_VALIDACOES_DE_HOST_N/A}</arg>
</arguments>
<status status="PASS" starttime="20200427 23:37:42.448" endtime="20200427 23:37:42.531"></status>
</kw>
<kw name="Click Element" library="SeleniumLibrary">
<doc>Click the element identified by ``locator``.</doc>
<arguments>
<arg>${SPAN_VALIDACOES_DE_HOST_N/A}</arg>
</arguments>
<msg timestamp="20200427 23:37:42.531" level="INFO">Clicking element '//span[contains(text(),'N/A')]'.</msg>
<status status="PASS" starttime="20200427 23:37:42.531" endtime="20200427 23:37:42.745"></status>
</kw>
<kw name="Wait Until Element Is Visible" library="SeleniumLibrary">
<doc>Waits until the element ``locator`` is visible.</doc>
<arguments>
<arg>${INPUT_VALIDACOES_DE_USUARIO_VALOR_ESPERADO}</arg>
</arguments>
<status status="PASS" starttime="20200427 23:37:42.745" endtime="20200427 23:37:42.792"></status>
</kw>
<kw name="Input Text" library="SeleniumLibrary">
<doc>Types the given ``text`` into the text field identified by ``locator``.</doc>
<arguments>
<arg>${INPUT_VALIDACOES_DE_USUARIO_VALOR_ESPERADO}</arg>
<arg>Yes</arg>
</arguments>
<msg timestamp="20200427 23:37:42.792" level="INFO">Typing text 'Yes' into text field '//span[contains(text(),'N/A')]//..//..//..//input[@ng-model='newInputValue']'.</msg>
<status status="PASS" starttime="20200427 23:37:42.792" endtime="20200427 23:37:43.083"></status>
</kw>
<kw name="Click Element" library="SeleniumLibrary">
<doc>Click the element identified by ``locator``.</doc>
<arguments>
<arg>${SPAN_VALIDACOES_DE_USUARIO_ADICIONAR}</arg>
</arguments>
<msg timestamp="20200427 23:37:43.083" level="INFO">Clicking element '//span[contains(text(),'N/A')]//..//..//..//span[@class='input-group-btn']'.</msg>
<status status="PASS" starttime="20200427 23:37:43.083" endtime="20200427 23:37:43.267"></status>
</kw>
<kw name="Input Text" library="SeleniumLibrary">
<doc>Types the given ``text`` into the text field identified by ``locator``.</doc>
<arguments>
<arg>${INPUT_VALIDACOES_DE_USUARIO_VALOR_ESPERADO}</arg>
<arg>No</arg>
</arguments>
<msg timestamp="20200427 23:37:43.268" level="INFO">Typing text 'No' into text field '//span[contains(text(),'N/A')]//..//..//..//input[@ng-model='newInputValue']'.</msg>
<status status="PASS" starttime="20200427 23:37:43.267" endtime="20200427 23:37:43.467"></status>
</kw>
<kw name="Click Element" library="SeleniumLibrary">
<doc>Click the element identified by ``locator``.</doc>
<arguments>
<arg>${SPAN_VALIDACOES_DE_USUARIO_ADICIONAR}</arg>
</arguments>
<msg timestamp="20200427 23:37:43.468" level="INFO">Clicking element '//span[contains(text(),'N/A')]//..//..//..//span[@class='input-group-btn']'.</msg>
<status status="PASS" starttime="20200427 23:37:43.468" endtime="20200427 23:37:43.648"></status>
</kw>
<kw name="Select From List By Label" library="SeleniumLibrary">
<doc>Selects options from selection list ``locator`` by ``labels``.</doc>
<arguments>
<arg>${SELECT_VALIDACOES_DE_USUARIO_PASS}</arg>
<arg>Pass</arg>
</arguments>
<msg timestamp="20200427 23:37:43.649" level="INFO">Selecting options from selection list '//span[contains(text(),'N/A')]//..//..//..//select[@ng-model='uv.passLevel']' by label Pass.</msg>
<status status="PASS" starttime="20200427 23:37:43.648" endtime="20200427 23:37:43.940"></status>
</kw>
<kw name="Select From List By Label" library="SeleniumLibrary">
<doc>Selects options from selection list ``locator`` by ``labels``.</doc>
<arguments>
<arg>${SELECT_VALIDACOES_DE_USUARIO_FAIL}</arg>
<arg>Fail</arg>
</arguments>
<msg timestamp="20200427 23:37:43.941" level="INFO">Selecting options from selection list '//span[contains(text(),'N/A')]//..//..//..//select[@ng-model='uv.failLevel']' by label Fail.</msg>
<status status="PASS" starttime="20200427 23:37:43.941" endtime="20200427 23:37:44.192"></status>
</kw>
<kw name="Select From List By Label" library="SeleniumLibrary">
<doc>Selects options from selection list ``locator`` by ``labels``.</doc>
<arguments>
<arg>${SELECT_VALIDACOES_DE_USUARIO_VALOR_ESPERADO}</arg>
<arg>${valor_esperado}</arg>
</arguments>
<msg timestamp="20200427 23:37:44.193" level="INFO">Selecting options from selection list '//span[contains(text(),'N/A')]//..//..//..//select[@ng-model='uv.encodedExpectedValue']' by label Yes.</msg>
<status status="PASS" starttime="20200427 23:37:44.192" endtime="20200427 23:37:44.389"></status>
</kw>
<kw name="Input Text" library="SeleniumLibrary">
<doc>Types the given ``text`` into the text field identified by ``locator``.</doc>
<arguments>
<arg>${TEXTAREA_VALIDACOES_DE_USUARIO_DESCRICAO}</arg>
<arg>${descricao}</arg>
</arguments>
<msg timestamp="20200427 23:37:44.390" level="INFO">Typing text 'O terminal exibe a mensagem Apresente o cartão ou mensagem similar' into text field '//span[contains(text(),'N/A')]//..//..//..//textarea[@ng-model='uv.description']'.</msg>
<status status="PASS" starttime="20200427 23:37:44.389" endtime="20200427 23:37:46.067"></status>
</kw>
<kw name="Capture Page Screenshot" library="SeleniumLibrary">
<doc>Takes a screenshot of the current page and embeds it into a log file.</doc>
<msg timestamp="20200427 23:37:46.825" level="INFO" html="yes">&lt;/td&gt;&lt;/tr&gt;&lt;tr&gt;&lt;td colspan="3"&gt;&lt;a href="selenium-screenshot-3319.png"&gt;&lt;img src="selenium-screenshot-3319.png" width="800px"&gt;&lt;/a&gt;</msg>
<status status="PASS" starttime="20200427 23:37:46.068" endtime="20200427 23:37:46.825"></status>
</kw>
<kw name="Sleep" library="BuiltIn">
<doc>Pauses the test executed for the given time.</doc>
<arguments>
<arg>5</arg>
</arguments>
<msg timestamp="20200427 23:37:51.826" level="INFO">Slept 5 seconds</msg>
<status status="PASS" starttime="20200427 23:37:46.825" endtime="20200427 23:37:51.826"></status>
</kw>
<status status="PASS" starttime="20200427 23:37:39.620" endtime="20200427 23:37:51.827"></status>
</kw>
<kw name="Então a seção é salva e o cadastro do campo validações de Usuário é encerrado" library="setup_hz">
<kw name="Wait Until Element Is Enabled" library="SeleniumLibrary">
<doc>Waits until the element ``locator`` is enabled.</doc>
<arguments>
<arg>${BUTTON_OK_VALIDACOES_DE_USUARIO}</arg>
</arguments>
<status status="PASS" starttime="20200427 23:37:51.828" endtime="20200427 23:37:51.954"></status>
</kw>
<kw name="Click Element" library="SeleniumLibrary">
<doc>Click the element identified by ``locator``.</doc>
<arguments>
<arg>${BUTTON_OK_VALIDACOES_DE_USUARIO}</arg>
</arguments>
<msg timestamp="20200427 23:37:51.955" level="INFO">Clicking element '//div[@id='editTcUservalidations']//button[@type='button'][contains(text(),'OK')]'.</msg>
<status status="PASS" starttime="20200427 23:37:51.954" endtime="20200427 23:37:52.206"></status>
</kw>
<kw name="Capture Page Screenshot" library="SeleniumLibrary">
<doc>Takes a screenshot of the current page and embeds it into a log file.</doc>
<msg timestamp="20200427 23:37:53.176" level="INFO" html="yes">&lt;/td&gt;&lt;/tr&gt;&lt;tr&gt;&lt;td colspan="3"&gt;&lt;a href="selenium-screenshot-3320.png"&gt;&lt;img src="selenium-screenshot-3320.png" width="800px"&gt;&lt;/a&gt;</msg>
<status status="PASS" starttime="20200427 23:37:52.207" endtime="20200427 23:37:53.177"></status>
</kw>
<kw name="Sleep" library="BuiltIn">
<doc>Pauses the test executed for the given time.</doc>
<arguments>
<arg>2</arg>
</arguments>
<msg timestamp="20200427 23:37:55.178" level="INFO">Slept 2 seconds</msg>
<status status="PASS" starttime="20200427 23:37:53.177" endtime="20200427 23:37:55.178"></status>
</kw>
<kw name="Set Focus To Element" library="SeleniumLibrary">
<doc>Sets the focus to the element identified by ``locator``.</doc>
<arguments>
<arg>${A_PAGINA_INICIAL}</arg>
</arguments>
<status status="PASS" starttime="20200427 23:37:55.179" endtime="20200427 23:37:55.276"></status>
</kw>
<kw name="Sleep" library="BuiltIn">
<doc>Pauses the test executed for the given time.</doc>
<arguments>
<arg>2</arg>
</arguments>
<msg timestamp="20200427 23:37:57.279" level="INFO">Slept 2 seconds</msg>
<status status="PASS" starttime="20200427 23:37:55.277" endtime="20200427 23:37:57.279"></status>
</kw>
<kw name="Wait Until Element Is Enabled" library="SeleniumLibrary">
<doc>Waits until the element ``locator`` is enabled.</doc>
<arguments>
<arg>${BUTTON_SALVAR_DROPDOWN}</arg>
<arg>20</arg>
</arguments>
<status status="PASS" starttime="20200427 23:37:57.280" endtime="20200427 23:37:57.394"></status>
</kw>
<kw name="Click Element" library="SeleniumLibrary">
<doc>Click the element identified by ``locator``.</doc>
<arguments>
<arg>${BUTTON_SALVAR_DROPDOWN}</arg>
</arguments>
<msg timestamp="20200427 23:37:57.396" level="INFO">Clicking element '//button[@class='btn btn-link dropdown-toggle']'.</msg>
<status status="PASS" starttime="20200427 23:37:57.395" endtime="20200427 23:37:57.612"></status>
</kw>
<kw name="Wait Until Element Is Visible" library="SeleniumLibrary">
<doc>Waits until the element ``locator`` is visible.</doc>
<arguments>
<arg>${LINKTEXT_CRIAR_NOVA_VERSAO}</arg>
<arg>5</arg>
</arguments>
<status status="PASS" starttime="20200427 23:37:57.612" endtime="20200427 23:37:58.248"></status>
</kw>
<kw name="Click Link" library="SeleniumLibrary">
<doc>Clicks a link identified by ``locator``.</doc>
<arguments>
<arg>${LINKTEXT_CRIAR_NOVA_VERSAO}</arg>
</arguments>
<msg timestamp="20200427 23:37:58.249" level="INFO">Clicking link 'link:Criar nova versão'.</msg>
<status status="PASS" starttime="20200427 23:37:58.249" endtime="20200427 23:37:58.753"></status>
</kw>
<kw name="Sleep" library="BuiltIn">
<doc>Pauses the test executed for the given time.</doc>
<arguments>
<arg>10</arg>
</arguments>
<msg timestamp="20200427 23:38:08.755" level="INFO">Slept 10 seconds</msg>
<status status="PASS" starttime="20200427 23:37:58.753" endtime="20200427 23:38:08.756"></status>
</kw>
<status status="PASS" starttime="20200427 23:37:51.827" endtime="20200427 23:38:08.757"></status>
</kw>
<status status="PASS" starttime="20200427 23:37:29.775" endtime="20200427 23:38:08.758"></status>
</kw>
<kw name="End Test" library="base" type="teardown">
<kw name="Capture Page Screenshot" library="SeleniumLibrary">
<doc>Takes a screenshot of the current page and embeds it into a log file.</doc>
<msg timestamp="20200427 23:38:09.762" level="INFO" html="yes">&lt;/td&gt;&lt;/tr&gt;&lt;tr&gt;&lt;td colspan="3"&gt;&lt;a href="selenium-screenshot-3321.png"&gt;&lt;img src="selenium-screenshot-3321.png" width="800px"&gt;&lt;/a&gt;</msg>
<status status="PASS" starttime="20200427 23:38:08.763" endtime="20200427 23:38:09.762"></status>
</kw>
<status status="PASS" starttime="20200427 23:38:08.761" endtime="20200427 23:38:09.762"></status>
</kw>
<status status="PASS" starttime="20200427 23:24:14.987" endtime="20200427 23:38:09.763" critical="yes"></status>
</test>
<kw name="End Session" library="base" type="teardown">
<kw name="Close Browser" library="SeleniumLibrary">
<doc>Closes the current browser.</doc>
<status status="PASS" starttime="20200427 23:38:09.767" endtime="20200427 23:38:11.907"></status>
</kw>
<kw name="Sleep" library="BuiltIn">
<doc>Pauses the test executed for the given time.</doc>
<arguments>
<arg>5</arg>
</arguments>
<msg timestamp="20200427 23:38:16.909" level="INFO">Slept 5 seconds</msg>
<status status="PASS" starttime="20200427 23:38:11.907" endtime="20200427 23:38:16.910"></status>
</kw>
<status status="PASS" starttime="20200427 23:38:09.766" endtime="20200427 23:38:16.910"></status>
</kw>
<doc>TCM - CAMPO VALIDAÇÕES DE USUÁRIO
Para que eu possa inserir dados na página de cadastro de cts no TCM
Sendo um usuário que possui um email e senha com privilégio de administrador
Quero poder finalizar o cadastro completo com suas applicabilities do campo validações de Usuário com sucesso
E encerrar a seção.</doc>
<status status="PASS" starttime="20200427 23:23:56.321" endtime="20200427 23:38:16.910"></status>
</suite>
<statistics>
<total>
<stat pass="2" fail="0">Critical Tests</stat>
<stat pass="2" fail="0">All Tests</stat>
</total>
<tag>
</tag>
<suite>
<stat pass="2" fail="0" id="s1" name="VALIDACOES DE USUARIO">VALIDACOES DE USUARIO</stat>
</suite>
</statistics>
<errors>
</errors>
</robot>
