<?xml version="1.0" encoding="UTF-8"?>
<robot generator="Robot 3.2rc1 (Python 3.8.1 on win32)" generated="20200516 15:24:03.308" rpa="false">
<suite id="s1" name="OBJETIVOS" source="C:\TCM\TCM_hz\tests\OBJETIVOS.robot">
<kw name="Start Session" library="base" type="setup">
<kw name="Open Browser" library="SeleniumLibrary">
<doc>Opens a new browser instance to the optional ``url``.</doc>
<arguments>
<arg>about:blank</arg>
<arg>chrome</arg>
</arguments>
<msg timestamp="20200516 15:24:03.735" level="INFO">Opening browser 'chrome' to base url 'about:blank'.</msg>
<status status="PASS" starttime="20200516 15:24:03.735" endtime="20200516 15:24:04.819"></status>
</kw>
<kw name="Set Selenium Implicit Wait" library="SeleniumLibrary">
<doc>Sets the implicit wait value used by Selenium.</doc>
<arguments>
<arg>10</arg>
</arguments>
<status status="PASS" starttime="20200516 15:24:04.819" endtime="20200516 15:24:04.821"></status>
</kw>
<kw name="Maximize Browser Window" library="SeleniumLibrary">
<doc>Maximizes current browser window.</doc>
<status status="PASS" starttime="20200516 15:24:04.821" endtime="20200516 15:24:04.933"></status>
</kw>
<status status="PASS" starttime="20200516 15:24:03.734" endtime="20200516 15:24:04.933"></status>
</kw>
<test id="s1-t1" name="Administrador loga com email e senha válido!">
<kw name="Tentar logar na RSTP">
<arguments>
<arg>andre.zimermann@ul.com</arg>
<arg>Rede@123</arg>
<arg>Rascunho</arg>
</arguments>
<kw name="Dado que acesso a página login da RSTP" library="setup_hz">
<kw name="Go To" library="SeleniumLibrary">
<doc>Navigates the current browser window to the provided ``url``.</doc>
<arguments>
<arg>${BASE_URL}</arg>
</arguments>
<msg timestamp="20200516 15:24:04.967" level="INFO">Opening url 'https://www.magazineluiza.com.br/'</msg>
<status status="PASS" starttime="20200516 15:24:04.967" endtime="20200516 15:24:06.890"></status>
</kw>
<kw name="Title Should Be" library="SeleniumLibrary">
<doc>Verifies that the current page title equals ``title``.</doc>
<arguments>
<arg>Magazine Luiza | Pra você é Magalu!</arg>
</arguments>
<msg timestamp="20200516 15:24:07.570" level="INFO">Page title is 'Magazine Luiza | Pra você é Magalu!'.</msg>
<status status="PASS" starttime="20200516 15:24:06.890" endtime="20200516 15:24:07.571"></status>
</kw>
<status status="PASS" starttime="20200516 15:24:04.967" endtime="20200516 15:24:07.571"></status>
</kw>
<kw name="Quando eu submeto minha credencial de login &quot;${email}&quot; e senha &quot;${password}&quot;" library="setup_hz">
<kw name="Input Text" library="SeleniumLibrary">
<doc>Types the given ``text`` into the text field identified by ``locator``.</doc>
<arguments>
<arg>${INPUT_EMAIL}</arg>
<arg>${email}</arg>
</arguments>
<msg timestamp="20200516 15:24:07.573" level="INFO">Typing text 'andre.zimermann@ul.com' into text field 'id:email'.</msg>
<kw name="Capture Page Screenshot" library="SeleniumLibrary">
<doc>Takes a screenshot of the current page and embeds it into a log file.</doc>
<msg timestamp="20200516 15:24:18.302" level="INFO" html="yes">&lt;/td&gt;&lt;/tr&gt;&lt;tr&gt;&lt;td colspan="3"&gt;&lt;a href="selenium-screenshot-99.png"&gt;&lt;img src="selenium-screenshot-99.png" width="800px"&gt;&lt;/a&gt;</msg>
<status status="PASS" starttime="20200516 15:24:17.713" endtime="20200516 15:24:18.302"></status>
</kw>
<msg timestamp="20200516 15:24:18.336" level="FAIL">Element with locator 'id:email' not found.</msg>
<status status="FAIL" starttime="20200516 15:24:07.572" endtime="20200516 15:24:18.337"></status>
</kw>
<status status="FAIL" starttime="20200516 15:24:07.571" endtime="20200516 15:24:18.337"></status>
</kw>
<status status="FAIL" starttime="20200516 15:24:04.966" endtime="20200516 15:24:18.337"></status>
</kw>
<kw name="End Test" library="base" type="teardown">
<kw name="Capture Page Screenshot" library="SeleniumLibrary">
<doc>Takes a screenshot of the current page and embeds it into a log file.</doc>
<msg timestamp="20200516 15:24:18.847" level="INFO" html="yes">&lt;/td&gt;&lt;/tr&gt;&lt;tr&gt;&lt;td colspan="3"&gt;&lt;a href="selenium-screenshot-100.png"&gt;&lt;img src="selenium-screenshot-100.png" width="800px"&gt;&lt;/a&gt;</msg>
<status status="PASS" starttime="20200516 15:24:18.338" endtime="20200516 15:24:18.847"></status>
</kw>
<status status="PASS" starttime="20200516 15:24:18.338" endtime="20200516 15:24:18.847"></status>
</kw>
<status status="FAIL" starttime="20200516 15:24:04.933" endtime="20200516 15:24:18.848" critical="yes">Element with locator 'id:email' not found.</status>
</test>
<test id="s1-t2" name="TRANSAÇÕES sem applicabilities">
<kw name="Cadastro do campo OBJETIVO sem applicabilities">
<arguments>
<arg>TESTEHZ</arg>
<arg>TESTEOI</arg>
</arguments>
<kw name="Dado que acesso o caso de teste &quot;${caso_de_teste}&quot; e clico no botão de editar" library="setup_hz">
<kw name="Go To" library="SeleniumLibrary">
<doc>Navigates the current browser window to the provided ``url``.</doc>
<arguments>
<arg>about:blank</arg>
</arguments>
<msg timestamp="20200516 15:24:18.855" level="INFO">Opening url 'about:blank'</msg>
<status status="PASS" starttime="20200516 15:24:18.855" endtime="20200516 15:24:19.233"></status>
</kw>
<kw name="Go To" library="SeleniumLibrary">
<doc>Navigates the current browser window to the provided ``url``.</doc>
<arguments>
<arg>${BASE_URL}#!/${caso_de_teste}</arg>
</arguments>
<msg timestamp="20200516 15:24:19.233" level="INFO">Opening url 'https://www.magazineluiza.com.br/#!/TESTEHZ'</msg>
<status status="PASS" starttime="20200516 15:24:19.233" endtime="20200516 15:24:20.512"></status>
</kw>
<kw name="Wait Until Element Is Visible" library="SeleniumLibrary">
<doc>Waits until the element ``locator`` is visible.</doc>
<arguments>
<arg>${TEXTO_GUIA_DE_USUARIO_PRESENTE}</arg>
<arg>20</arg>
</arguments>
<kw name="Capture Page Screenshot" library="SeleniumLibrary">
<doc>Takes a screenshot of the current page and embeds it into a log file.</doc>
<msg timestamp="20200516 15:24:41.974" level="INFO" html="yes">&lt;/td&gt;&lt;/tr&gt;&lt;tr&gt;&lt;td colspan="3"&gt;&lt;a href="selenium-screenshot-101.png"&gt;&lt;img src="selenium-screenshot-101.png" width="800px"&gt;&lt;/a&gt;</msg>
<status status="PASS" starttime="20200516 15:24:41.463" endtime="20200516 15:24:41.974"></status>
</kw>
<msg timestamp="20200516 15:24:41.988" level="FAIL">Element '//span[contains(text(),'Guia de usuário')]' not visible after 20 seconds.</msg>
<status status="FAIL" starttime="20200516 15:24:20.513" endtime="20200516 15:24:41.988"></status>
</kw>
<status status="FAIL" starttime="20200516 15:24:18.855" endtime="20200516 15:24:41.989"></status>
</kw>
<status status="FAIL" starttime="20200516 15:24:18.854" endtime="20200516 15:24:41.989"></status>
</kw>
<kw name="End Test" library="base" type="teardown">
<kw name="Capture Page Screenshot" library="SeleniumLibrary">
<doc>Takes a screenshot of the current page and embeds it into a log file.</doc>
<msg timestamp="20200516 15:24:42.595" level="INFO" html="yes">&lt;/td&gt;&lt;/tr&gt;&lt;tr&gt;&lt;td colspan="3"&gt;&lt;a href="selenium-screenshot-102.png"&gt;&lt;img src="selenium-screenshot-102.png" width="800px"&gt;&lt;/a&gt;</msg>
<status status="PASS" starttime="20200516 15:24:41.990" endtime="20200516 15:24:42.595"></status>
</kw>
<status status="PASS" starttime="20200516 15:24:41.990" endtime="20200516 15:24:42.596"></status>
</kw>
<status status="FAIL" starttime="20200516 15:24:18.853" endtime="20200516 15:24:42.596" critical="yes">Element '//span[contains(text(),'Guia de usuário')]' not visible after 20 seconds.</status>
</test>
<test id="s1-t3" name="TRANSAÇÕES com applicabilities">
<kw name="Cadastro do campo OBJETIVO com applicabilities">
<arguments>
<arg>ESTATISTICA-CH-HF-001</arg>
<arg>2Realizar a validação do mapa de bits e a correta contabilização dos campos em uma mensagem de estatística, quando realizado uma sequência de transações de crédito, débito e voucher, aprovadas com cartões de chip e tarja magnética.</arg>
<arg>CDA supported</arg>
</arguments>
<kw name="Dado que acesso o caso de teste &quot;${caso_de_teste}&quot; e clico no botão de editar" library="setup_hz">
<kw name="Go To" library="SeleniumLibrary">
<doc>Navigates the current browser window to the provided ``url``.</doc>
<arguments>
<arg>about:blank</arg>
</arguments>
<msg timestamp="20200516 15:24:42.600" level="INFO">Opening url 'about:blank'</msg>
<status status="PASS" starttime="20200516 15:24:42.600" endtime="20200516 15:24:42.926"></status>
</kw>
<kw name="Go To" library="SeleniumLibrary">
<doc>Navigates the current browser window to the provided ``url``.</doc>
<arguments>
<arg>${BASE_URL}#!/${caso_de_teste}</arg>
</arguments>
<msg timestamp="20200516 15:24:42.927" level="INFO">Opening url 'https://www.magazineluiza.com.br/#!/ESTATISTICA-CH-HF-001'</msg>
<status status="PASS" starttime="20200516 15:24:42.926" endtime="20200516 15:24:44.170"></status>
</kw>
<kw name="Wait Until Element Is Visible" library="SeleniumLibrary">
<doc>Waits until the element ``locator`` is visible.</doc>
<arguments>
<arg>${TEXTO_GUIA_DE_USUARIO_PRESENTE}</arg>
<arg>20</arg>
</arguments>
<kw name="Capture Page Screenshot" library="SeleniumLibrary">
<doc>Takes a screenshot of the current page and embeds it into a log file.</doc>
<msg timestamp="20200516 15:25:05.672" level="INFO" html="yes">&lt;/td&gt;&lt;/tr&gt;&lt;tr&gt;&lt;td colspan="3"&gt;&lt;a href="selenium-screenshot-103.png"&gt;&lt;img src="selenium-screenshot-103.png" width="800px"&gt;&lt;/a&gt;</msg>
<status status="PASS" starttime="20200516 15:25:04.766" endtime="20200516 15:25:05.672"></status>
</kw>
<msg timestamp="20200516 15:25:05.673" level="FAIL">Element '//span[contains(text(),'Guia de usuário')]' not visible after 20 seconds.</msg>
<status status="FAIL" starttime="20200516 15:24:44.170" endtime="20200516 15:25:05.673"></status>
</kw>
<status status="FAIL" starttime="20200516 15:24:42.599" endtime="20200516 15:25:05.673"></status>
</kw>
<status status="FAIL" starttime="20200516 15:24:42.599" endtime="20200516 15:25:05.674"></status>
</kw>
<kw name="End Test" library="base" type="teardown">
<kw name="Capture Page Screenshot" library="SeleniumLibrary">
<doc>Takes a screenshot of the current page and embeds it into a log file.</doc>
<msg timestamp="20200516 15:25:06.166" level="INFO" html="yes">&lt;/td&gt;&lt;/tr&gt;&lt;tr&gt;&lt;td colspan="3"&gt;&lt;a href="selenium-screenshot-104.png"&gt;&lt;img src="selenium-screenshot-104.png" width="800px"&gt;&lt;/a&gt;</msg>
<status status="PASS" starttime="20200516 15:25:05.676" endtime="20200516 15:25:06.166"></status>
</kw>
<status status="PASS" starttime="20200516 15:25:05.675" endtime="20200516 15:25:06.167"></status>
</kw>
<status status="FAIL" starttime="20200516 15:24:42.598" endtime="20200516 15:25:06.167" critical="yes">Element '//span[contains(text(),'Guia de usuário')]' not visible after 20 seconds.</status>
</test>
<kw name="End Session" library="base" type="teardown">
<kw name="Close Browser" library="SeleniumLibrary">
<doc>Closes the current browser.</doc>
<status status="PASS" starttime="20200516 15:25:06.170" endtime="20200516 15:25:08.333"></status>
</kw>
<kw name="Sleep" library="BuiltIn">
<doc>Pauses the test executed for the given time.</doc>
<arguments>
<arg>5</arg>
</arguments>
<msg timestamp="20200516 15:25:13.334" level="INFO">Slept 5 seconds</msg>
<status status="PASS" starttime="20200516 15:25:08.333" endtime="20200516 15:25:13.334"></status>
</kw>
<status status="PASS" starttime="20200516 15:25:06.170" endtime="20200516 15:25:13.334"></status>
</kw>
<doc>TCM - CAMPO OBJETIVOS
Para que eu possa inserir dados na página de cadastro de cts no TCM
Sendo um usuário que possui um email e senha com privilégio de administrador
Quero poder finalizar o cadastro completo com suas applicabilities do campo objetivos com sucesso
E encerrar a seção.</doc>
<status status="FAIL" starttime="20200516 15:24:03.310" endtime="20200516 15:25:13.335"></status>
</suite>
<statistics>
<total>
<stat pass="0" fail="3">Critical Tests</stat>
<stat pass="0" fail="3">All Tests</stat>
</total>
<tag>
</tag>
<suite>
<stat pass="0" fail="3" id="s1" name="OBJETIVOS">OBJETIVOS</stat>
</suite>
</statistics>
<errors>
</errors>
</robot>
